Thu Sep 07 16:29:16 CDT 2017
MaxEnt version 3.4.0
Reading file absence
readGrid: max memory 477626368, total allocated 163053568, free 59788680, used 103264888, increment 68672944
Reading samples from presence
Read samples: max memory 477626368, total allocated 158334976, free 87045928, used 71289048, increment -31975840
Adding samples to background in feature space
Command line used:  autorun -e C:\Users\aortiz\AppData\Local\Temp\RtmpIP4leB/raster/maxent/6186745784/absence -o C:\Users\aortiz\AppData\Local\Temp\RtmpIP4leB/raster/maxent/6186745784 -s C:\Users\aortiz\AppData\Local\Temp\RtmpIP4leB/raster/maxent/6186745784/presence -z randomseed=true threads=2 responsecurves=true replicates=10 replicatetype=crossvalidate maximumiterations=1000 -J
Command line to repeat: java density.MaxEnt nowarnings noprefixes responsecurves jackknife outputdirectory=C:\Users\aortiz\AppData\Local\Temp\RtmpIP4leB/raster/maxent/6186745784 samplesfile=C:\Users\aortiz\AppData\Local\Temp\RtmpIP4leB/raster/maxent/6186745784/presence environmentallayers=C:\Users\aortiz\AppData\Local\Temp\RtmpIP4leB/raster/maxent/6186745784/absence randomseed replicates=10 autorun novisible maximumiterations=1000 threads=2
Species: species_0 species_1 species_2 species_3 species_4 species_5 species_6 species_7 species_8 species_9
Layers: ppt9 tmean9 vpdmin9
Layertypes: Continuous Continuous Continuous
responsecurves: true
jackknife: true
outputdirectory: C:\Users\aortiz\AppData\Local\Temp\RtmpIP4leB/raster/maxent/6186745784
samplesfile: C:\Users\aortiz\AppData\Local\Temp\RtmpIP4leB/raster/maxent/6186745784/presence
environmentallayers: C:\Users\aortiz\AppData\Local\Temp\RtmpIP4leB/raster/maxent/6186745784/absence
randomseed: true
replicates: 10
autorun: true
visible: false
maximumiterations: 1000
threads: 2

getSamples: max memory 477626368, total allocated 158334976, free 87045928, used 71289048, increment 0
Making features
makeFeatures: max memory 477626368, total allocated 158334976, free 87045928, used 71289048, increment 0
species_0: 
Regularization values: linear/quadratic/product: 0.500, categorical: 0.250, threshold: 1.830, hinge: 0.500
17 samples
Density: max memory 477626368, total allocated 158334976, free 78328040, used 80006936, increment 8717888
linearPredictor: max memory 477626368, total allocated 158334976, free 78328040, used 80006936, increment 0
FeaturedSpace: max memory 477626368, total allocated 158334976, free 78328040, used 80006936, increment 0
Sequential: max memory 477626368, total allocated 158334976, free 78328040, used 80006936, increment 0
Initial loss: 9.212038928611765
Initial test loss: 9.212038928611765
Time since start: 7.857
440: time = 7.440000 loss = 7.956187 testLoss 7.711390
Resulting gain: 1.2558519480662786
Projecting...
Writing file C:\Users\aortiz\AppData\Local\Temp\RtmpIP4leB\raster\maxent\6186745784\species_0.csv
species_0 response curves
Time since start: 8.998
Response curve: only ppt9
Response curve: only tmean9
Response curve: only vpdmin9
Making features
Making features
makeFeatures: max memory 477626368, total allocated 81788928, free 34137496, used 47651432, increment -32355504
species_0 ppt9: 
Regularization values: linear/quadratic/product: 0.500, categorical: 0.250, threshold: 1.830, hinge: 0.500
makeFeatures: max memory 477626368, total allocated 81788928, free 34137496, used 47651432, increment 0
species_0 tmean9: 
Regularization values: linear/quadratic/product: 0.500, categorical: 0.250, threshold: 1.830, hinge: 0.500
17 samples
17 samples
Density: max memory 477626368, total allocated 81264640, free 59336816, used 21927824, increment -25723608
linearPredictor: max memory 477626368, total allocated 81264640, free 59336816, used 21927824, increment 0
Density: max memory 477626368, total allocated 81264640, free 58252760, used 23011880, increment 1084056
linearPredictor: max memory 477626368, total allocated 81264640, free 58252760, used 23011880, increment 0
FeaturedSpace: max memory 477626368, total allocated 81264640, free 58252760, used 23011880, increment 0
Sequential: max memory 477626368, total allocated 81264640, free 58252760, used 23011880, increment 0
Initial loss: 9.212038928611765
FeaturedSpace: max memory 477626368, total allocated 81264640, free 57484056, used 23780584, increment 768704
Sequential: max memory 477626368, total allocated 81264640, free 57484056, used 23780584, increment 0
Initial loss: 9.212038928611765
Time since start: 11.302
200: time = 2.175000 loss = 8.698576
Resulting gain: 0.5134628019850229
species_0 response curves
Making features
makeFeatures: max memory 477626368, total allocated 91750400, free 38045160, used 53705240, increment 29924656
species_0 vpdmin9: 
Regularization values: linear/quadratic/product: 0.500, categorical: 0.250, threshold: 1.830, hinge: 0.500
17 samples
Density: max memory 477626368, total allocated 101187584, free 78360472, used 22827112, increment -30878128
linearPredictor: max memory 477626368, total allocated 101187584, free 78280320, used 22907264, increment 80152
FeaturedSpace: max memory 477626368, total allocated 101187584, free 77550496, used 23637088, increment 729824
Sequential: max memory 477626368, total allocated 101187584, free 77550496, used 23637088, increment 0
Initial loss: 9.212038928611765
280: time = 2.927000 loss = 8.449310
Resulting gain: 0.7627292299588522
species_0 response curves
Time since start: 12.932
360: time = 1.399000 loss = 8.741398
Resulting gain: 0.4706404571838192
species_0 response curves
Jackknife: leave ppt9 out
Jackknife: leave tmean9 out
Jackknife: leave vpdmin9 out
Jackknife: only ppt9
Jackknife: only tmean9
Jackknife: only vpdmin9
Making features
Making features
makeFeatures: max memory 477626368, total allocated 92274688, free 46319080, used 45955608, increment 22318520
species_0 ppt9: 
makeFeatures: max memory 477626368, total allocated 92274688, free 46319080, used 45955608, increment 0
species_0 tmean9: 
Regularization values: linear/quadratic/product: 0.500, categorical: 0.250, threshold: 1.830, hinge: 0.500
Regularization values: linear/quadratic/product: 0.500, categorical: 0.250, threshold: 1.830, hinge: 0.500
17 samples
17 samples
Density: max memory 477626368, total allocated 92274688, free 40981280, used 51293408, increment 5337800
linearPredictor: max memory 477626368, total allocated 92274688, free 40901128, used 51373560, increment 80152
Density: max memory 477626368, total allocated 92274688, free 40901128, used 51373560, increment 0
linearPredictor: max memory 477626368, total allocated 92274688, free 40901128, used 51373560, increment 0
FeaturedSpace: max memory 477626368, total allocated 92274688, free 40901128, used 51373560, increment 0
Sequential: max memory 477626368, total allocated 92274688, free 40901128, used 51373560, increment 0
Initial loss: 9.212038928611765
Initial test loss: 9.212038928611765
FeaturedSpace: max memory 477626368, total allocated 92274688, free 39487192, used 52787496, increment 1413936
Sequential: max memory 477626368, total allocated 92274688, free 39487192, used 52787496, increment 0
Initial loss: 9.212038928611765
Initial test loss: 9.212038928611765
Time since start: 18.38
460: time = 5.071000 loss = 8.311883 testLoss 8.324955
Making features
makeFeatures: max memory 477626368, total allocated 84410368, free 41291392, used 43118976, increment -9668520
species_0 vpdmin9: 
Regularization values: linear/quadratic/product: 0.500, categorical: 0.250, threshold: 1.830, hinge: 0.500
17 samples
Density: max memory 477626368, total allocated 92274688, free 63650336, used 28624352, increment -14494624
linearPredictor: max memory 477626368, total allocated 92274688, free 63650336, used 28624352, increment 0
FeaturedSpace: max memory 477626368, total allocated 92274688, free 62570224, used 29704464, increment 1080112
Sequential: max memory 477626368, total allocated 92274688, free 62570224, used 29704464, increment 0
Initial loss: 9.212038928611765
Initial test loss: 9.212038928611765
520: time = 5.689000 loss = 8.216527 testLoss 8.059997
Making features
makeFeatures: max memory 477626368, total allocated 98566144, free 18330688, used 80235456, increment 50530992
species_0 ppt9: 
Regularization values: linear/quadratic/product: 0.500, categorical: 0.250, threshold: 1.830, hinge: 0.500
17 samples
Density: max memory 477626368, total allocated 96468992, free 60227696, used 36241296, increment -43994160
linearPredictor: max memory 477626368, total allocated 96468992, free 60147544, used 36321448, increment 80152
FeaturedSpace: max memory 477626368, total allocated 96468992, free 59704584, used 36764408, increment 442960
Sequential: max memory 477626368, total allocated 96468992, free 59704584, used 36764408, increment 0
Initial loss: 9.212038928611765
Initial test loss: 9.212038928611765
Time since start: 21.055
200: time = 2.004000 loss = 8.698576 testLoss 8.385728
Res.gain: 0.5134628019850229
Making features
makeFeatures: max memory 477626368, total allocated 98566144, free 22282136, used 76284008, increment 39519600
species_0 tmean9: 
Regularization values: linear/quadratic/product: 0.500, categorical: 0.250, threshold: 1.830, hinge: 0.500
17 samples
Density: max memory 477626368, total allocated 109576192, free 77233528, used 32342664, increment -43941344
linearPredictor: max memory 477626368, total allocated 109576192, free 77153376, used 32422816, increment 80152
FeaturedSpace: max memory 477626368, total allocated 109576192, free 77153376, used 32422816, increment 0
Sequential: max memory 477626368, total allocated 109576192, free 77153376, used 32422816, increment 0
Initial loss: 9.212038928611765
Initial test loss: 9.212038928611765
Time since start: 23.848
280: time = 2.746000 loss = 8.449310 testLoss 8.301645
Res.gain: 0.7627292299588522
Making features
makeFeatures: max memory 477626368, total allocated 87031808, free 35423136, used 51608672, increment 19185856
species_0 vpdmin9: 
Regularization values: linear/quadratic/product: 0.500, categorical: 0.250, threshold: 1.830, hinge: 0.500
17 samples
Density: max memory 477626368, total allocated 87031808, free 29657304, used 57374504, increment 5765832
linearPredictor: max memory 477626368, total allocated 87031808, free 29577152, used 57454656, increment 80152
FeaturedSpace: max memory 477626368, total allocated 87031808, free 29137840, used 57893968, increment 439312
Sequential: max memory 477626368, total allocated 87031808, free 28698528, used 58333280, increment 439312
Initial loss: 9.212038928611765
Initial test loss: 9.212038928611765
Time since start: 25.33
420: time = 6.824000 loss = 8.118515 testLoss 7.690775
360: time = 1.436000 loss = 8.741398 testLoss 8.855435
Res.gain: 0.4706404571838192
getSamples: max memory 477626368, total allocated 79167488, free 44796832, used 34370656, increment -23962624
Making features
makeFeatures: max memory 477626368, total allocated 79167488, free 44155616, used 35011872, increment 641216
species_1: 
Regularization values: linear/quadratic/product: 0.500, categorical: 0.250, threshold: 1.830, hinge: 0.500
17 samples
Density: max memory 477626368, total allocated 79167488, free 39949288, used 39218200, increment 4206328
linearPredictor: max memory 477626368, total allocated 79167488, free 39949288, used 39218200, increment 0
FeaturedSpace: max memory 477626368, total allocated 79167488, free 39949288, used 39218200, increment 0
Sequential: max memory 477626368, total allocated 79167488, free 39949288, used 39218200, increment 0
Initial loss: 9.212038928611765
Initial test loss: 9.212038928611765
Time since start: 33.57
480: time = 7.955000 loss = 8.013198 testLoss 7.409948
Resulting gain: 1.1988405150502874
Projecting...
Writing file C:\Users\aortiz\AppData\Local\Temp\RtmpIP4leB\raster\maxent\6186745784\species_1.csv
species_1 response curves
Response curve: only ppt9
Response curve: only tmean9
Response curve: only vpdmin9
Making features
Making features
makeFeatures: max memory 477626368, total allocated 78643200, free 11253128, used 67390072, increment 28171872
species_1 tmean9: 
makeFeatures: max memory 477626368, total allocated 78643200, free 11253128, used 67390072, increment 28171872
species_1 ppt9: 
Regularization values: linear/quadratic/product: 0.500, categorical: 0.250, threshold: 1.830, hinge: 0.500
Regularization values: linear/quadratic/product: 0.500, categorical: 0.250, threshold: 1.830, hinge: 0.500
17 samples
Density: max memory 477626368, total allocated 78643200, free 8705120, used 69938080, increment 2548008
linearPredictor: max memory 477626368, total allocated 78643200, free 8624968, used 70018232, increment 80152
17 samples
FeaturedSpace: max memory 477626368, total allocated 78643200, free 8311496, used 70331704, increment 313472
Sequential: max memory 477626368, total allocated 78643200, free 8311496, used 70331704, increment 0
Initial loss: 9.212038928611765
Density: max memory 477626368, total allocated 78643200, free 7855488, used 70787712, increment 456008
linearPredictor: max memory 477626368, total allocated 78643200, free 7775336, used 70867864, increment 80152
FeaturedSpace: max memory 477626368, total allocated 78643200, free 7023400, used 71619800, increment 751936
Sequential: max memory 477626368, total allocated 78643200, free 7023400, used 71619800, increment 0
Initial loss: 9.212038928611765
Time since start: 36.734
200: time = 2.167000 loss = 8.715968
Resulting gain: 0.496071284793171
species_1 response curves
Making features
makeFeatures: max memory 477626368, total allocated 79691776, free 61510728, used 18181048, increment -53438752
species_1 vpdmin9: 
Regularization values: linear/quadratic/product: 0.500, categorical: 0.250, threshold: 1.830, hinge: 0.500
17 samples
Density: max memory 477626368, total allocated 79691776, free 54969312, used 24722464, increment 6541416
linearPredictor: max memory 477626368, total allocated 79691776, free 54969312, used 24722464, increment 0
FeaturedSpace: max memory 477626368, total allocated 79691776, free 54969312, used 24722464, increment 0
Sequential: max memory 477626368, total allocated 79691776, free 54429496, used 25262280, increment 539816
Initial loss: 9.212038928611765
Time since start: 38.308
340: time = 3.738000 loss = 8.508454
Resulting gain: 0.703584946210114
species_1 response curves
320: time = 1.431000 loss = 8.758747
Resulting gain: 0.4532918985475174
species_1 response curves
Jackknife: leave ppt9 out
Jackknife: leave tmean9 out
Jackknife: leave vpdmin9 out
Jackknife: only ppt9
Jackknife: only tmean9
Jackknife: only vpdmin9
Making features
Making features
makeFeatures: max memory 477626368, total allocated 74973184, free 53931760, used 21041424, increment -4220856
species_1 ppt9: 
Regularization values: linear/quadratic/product: 0.500, categorical: 0.250, threshold: 1.830, hinge: 0.500
makeFeatures: max memory 477626368, total allocated 74973184, free 53891672, used 21081512, increment 40088
species_1 tmean9: 
Regularization values: linear/quadratic/product: 0.500, categorical: 0.250, threshold: 1.830, hinge: 0.500
17 samples
17 samples
Density: max memory 477626368, total allocated 74973184, free 49060400, used 25912784, increment 4831272
linearPredictor: max memory 477626368, total allocated 74973184, free 48980248, used 25992936, increment 80152
Density: max memory 477626368, total allocated 74973184, free 48548240, used 26424944, increment 432008
linearPredictor: max memory 477626368, total allocated 74973184, free 48548240, used 26424944, increment 0
FeaturedSpace: max memory 477626368, total allocated 74973184, free 48548240, used 26424944, increment 0
Sequential: max memory 477626368, total allocated 74973184, free 48548240, used 26424944, increment 0
Initial loss: 9.212038928611765
Initial test loss: 9.212038928611765
FeaturedSpace: max memory 477626368, total allocated 74973184, free 48197496, used 26775688, increment 350744
Sequential: max memory 477626368, total allocated 74973184, free 48197496, used 26775688, increment 0
Initial loss: 9.212038928611765
Initial test loss: 9.212038928611765
Time since start: 43.084
380: time = 4.163000 loss = 8.248138 testLoss 7.843933
Making features
makeFeatures: max memory 477626368, total allocated 87556096, free 17864672, used 69691424, increment 42915736
species_1 vpdmin9: 
Regularization values: linear/quadratic/product: 0.500, categorical: 0.250, threshold: 1.830, hinge: 0.500
17 samples
Density: max memory 477626368, total allocated 87556096, free 54760416, used 32795680, increment -36895744
linearPredictor: max memory 477626368, total allocated 87556096, free 54680264, used 32875832, increment 80152
FeaturedSpace: max memory 477626368, total allocated 87556096, free 54143440, used 33412656, increment 536824
Sequential: max memory 477626368, total allocated 87556096, free 54143440, used 33412656, increment 0
Initial loss: 9.212038928611765
Initial test loss: 9.212038928611765
420: time = 4.671000 loss = 8.370102 testLoss 8.000994
Making features
makeFeatures: max memory 477626368, total allocated 108527616, free 60512712, used 48014904, increment 14602248
species_1 ppt9: 
Regularization values: linear/quadratic/product: 0.500, categorical: 0.250, threshold: 1.830, hinge: 0.500
17 samples
Density: max memory 477626368, total allocated 108527616, free 54561968, used 53965648, increment 5950744
linearPredictor: max memory 477626368, total allocated 108527616, free 54561968, used 53965648, increment 0
FeaturedSpace: max memory 477626368, total allocated 108527616, free 54561968, used 53965648, increment 0
Sequential: max memory 477626368, total allocated 108527616, free 54561968, used 53965648, increment 0
Initial loss: 9.212038928611765
Initial test loss: 9.212038928611765
Time since start: 45.518
200: time = 1.911000 loss = 8.715968 testLoss 8.271715
Res.gain: 0.496071284793171
Making features
makeFeatures: max memory 477626368, total allocated 87556096, free 16684176, used 70871920, increment 16906272
species_1 tmean9: 
Regularization values: linear/quadratic/product: 0.500, categorical: 0.250, threshold: 1.830, hinge: 0.500
17 samples
Density: max memory 477626368, total allocated 87556096, free 9063272, used 78492824, increment 7620904
linearPredictor: max memory 477626368, total allocated 96993280, free 67756752, used 29236528, increment -49256296
FeaturedSpace: max memory 477626368, total allocated 96993280, free 67218384, used 29774896, increment 538368
Sequential: max memory 477626368, total allocated 96993280, free 67218384, used 29774896, increment 0
Initial loss: 9.212038928611765
Initial test loss: 9.212038928611765
Time since start: 47.724
280: time = 4.593000 loss = 8.170474 testLoss 7.437418
Making features
makeFeatures: max memory 477626368, total allocated 83886080, free 31992016, used 51894064, increment 22119168
species_1 vpdmin9: 
Regularization values: linear/quadratic/product: 0.500, categorical: 0.250, threshold: 1.830, hinge: 0.500
17 samples
Density: max memory 477626368, total allocated 83886080, free 26492888, used 57393192, increment 5499128
linearPredictor: max memory 477626368, total allocated 83886080, free 26492888, used 57393192, increment 0
FeaturedSpace: max memory 477626368, total allocated 83886080, free 26048496, used 57837584, increment 444392
Sequential: max memory 477626368, total allocated 83886080, free 25604104, used 58281976, increment 444392
Initial loss: 9.212038928611765
Initial test loss: 9.212038928611765
Time since start: 48.827
340: time = 3.277000 loss = 8.508454 testLoss 7.981071
Res.gain: 0.703584946210114
320: time = 1.303000 loss = 8.758747 testLoss 8.731486
Res.gain: 0.4532918985475174
getSamples: max memory 477626368, total allocated 72351744, free 38672616, used 33679128, increment -24602848
Making features
makeFeatures: max memory 477626368, total allocated 72351744, free 37951248, used 34400496, increment 721368
species_2: 
Regularization values: linear/quadratic/product: 0.500, categorical: 0.250, threshold: 1.830, hinge: 0.500
17 samples
Density: max memory 477626368, total allocated 72351744, free 33940608, used 38411136, increment 4010640
linearPredictor: max memory 477626368, total allocated 72351744, free 33860456, used 38491288, increment 80152
FeaturedSpace: max memory 477626368, total allocated 72351744, free 33860456, used 38491288, increment 0
Sequential: max memory 477626368, total allocated 72351744, free 33634432, used 38717312, increment 226024
Initial loss: 9.212038928611765
Initial test loss: 9.212038928611765
Time since start: 54.07
280: time = 4.796000 loss = 8.043548 testLoss 7.073905
Resulting gain: 1.1684908611170464
Projecting...
Writing file C:\Users\aortiz\AppData\Local\Temp\RtmpIP4leB\raster\maxent\6186745784\species_2.csv
species_2 response curves
Response curve: only ppt9
Response curve: only tmean9
Response curve: only vpdmin9
Making features
Making features
makeFeatures: max memory 477626368, total allocated 60817408, free 34539472, used 26277936, increment -12439376
species_2 tmean9: 
makeFeatures: max memory 477626368, total allocated 60817408, free 34539472, used 26277936, increment 0
species_2 ppt9: 
Regularization values: linear/quadratic/product: 0.500, categorical: 0.250, threshold: 1.830, hinge: 0.500
Regularization values: linear/quadratic/product: 0.500, categorical: 0.250, threshold: 1.830, hinge: 0.500
17 samples
Density: max memory 477626368, total allocated 60817408, free 33053240, used 27764168, increment 1486232
linearPredictor: max memory 477626368, total allocated 60817408, free 32973088, used 27844320, increment 80152
FeaturedSpace: max memory 477626368, total allocated 60817408, free 32973088, used 27844320, increment 0
Sequential: max memory 477626368, total allocated 60817408, free 32973088, used 27844320, increment 0
Initial loss: 9.212038928611765
17 samples
Density: max memory 477626368, total allocated 60817408, free 28040552, used 32776856, increment 4932536
linearPredictor: max memory 477626368, total allocated 60817408, free 27960400, used 32857008, increment 80152
FeaturedSpace: max memory 477626368, total allocated 60817408, free 27124960, used 33692448, increment 835440
Sequential: max memory 477626368, total allocated 60817408, free 27124960, used 33692448, increment 0
Initial loss: 9.212038928611765
Time since start: 57.89
280: time = 2.910000 loss = 8.692493
Resulting gain: 0.5195460814738482
species_2 response curves
Making features
makeFeatures: max memory 477626368, total allocated 83361792, free 54369632, used 28992160, increment -4700288
species_2 vpdmin9: 
Regularization values: linear/quadratic/product: 0.500, categorical: 0.250, threshold: 1.830, hinge: 0.500
17 samples
Density: max memory 477626368, total allocated 83361792, free 49152680, used 34209112, increment 5216952
linearPredictor: max memory 477626368, total allocated 83361792, free 49152680, used 34209112, increment 0
FeaturedSpace: max memory 477626368, total allocated 83361792, free 49152680, used 34209112, increment 0
Sequential: max memory 477626368, total allocated 83361792, free 49152680, used 34209112, increment 0
Initial loss: 9.212038928611765
320: time = 3.323000 loss = 8.498863
Resulting gain: 0.7131758275439175
species_2 response curves
Time since start: 59.056
220: time = 0.918000 loss = 8.799417
Resulting gain: 0.4126219016592181
species_2 response curves
Jackknife: leave ppt9 out
Jackknife: leave tmean9 out
Jackknife: leave vpdmin9 out
Jackknife: only ppt9
Jackknife: only tmean9
Jackknife: only vpdmin9
Making features
Making features
makeFeatures: max memory 477626368, total allocated 78643200, free 40549912, used 38093288, increment 3884176
species_2 ppt9: 
makeFeatures: max memory 477626368, total allocated 78643200, free 40549912, used 38093288, increment 3884176
species_2 tmean9: 
Regularization values: linear/quadratic/product: 0.500, categorical: 0.250, threshold: 1.830, hinge: 0.500
Regularization values: linear/quadratic/product: 0.500, categorical: 0.250, threshold: 1.830, hinge: 0.500
17 samples
17 samples
Density: max memory 477626368, total allocated 78643200, free 35255808, used 43387392, increment 5294104
Density: max memory 477626368, total allocated 78643200, free 35255808, used 43387392, increment 5294104
linearPredictor: max memory 477626368, total allocated 78643200, free 35255808, used 43387392, increment 0
linearPredictor: max memory 477626368, total allocated 78643200, free 35255808, used 43387392, increment 0
FeaturedSpace: max memory 477626368, total allocated 78643200, free 35255808, used 43387392, increment 0
FeaturedSpace: max memory 477626368, total allocated 78643200, free 35255808, used 43387392, increment 0
Sequential: max memory 477626368, total allocated 78643200, free 35255808, used 43387392, increment 0
Sequential: max memory 477626368, total allocated 78643200, free 35255808, used 43387392, increment 0
Initial loss: 9.212038928611765
Initial loss: 9.212038928611765
Initial test loss: 9.212038928611765
Initial test loss: 9.212038928611765
Time since start: 62.696
300: time = 3.339000 loss = 8.274656 testLoss 7.552468
Making features
makeFeatures: max memory 477626368, total allocated 83886080, free 33322600, used 50563480, increment 7176088
species_2 vpdmin9: 
Regularization values: linear/quadratic/product: 0.500, categorical: 0.250, threshold: 1.830, hinge: 0.500
17 samples
Density: max memory 477626368, total allocated 83886080, free 19836488, used 64049592, increment 13486112
linearPredictor: max memory 477626368, total allocated 83886080, free 19756336, used 64129744, increment 80152
FeaturedSpace: max memory 477626368, total allocated 83886080, free 19756336, used 64129744, increment 0
Sequential: max memory 477626368, total allocated 83886080, free 19756336, used 64129744, increment 0
Initial loss: 9.212038928611765
Initial test loss: 9.212038928611765
360: time = 4.025000 loss = 8.397600 testLoss 7.730244
Making features
makeFeatures: max memory 477626368, total allocated 82313216, free 10480784, used 71832432, increment 7702688
species_2 ppt9: 
Regularization values: linear/quadratic/product: 0.500, categorical: 0.250, threshold: 1.830, hinge: 0.500
17 samples
Density: max memory 477626368, total allocated 80740352, free 51116472, used 29623880, increment -42208552
linearPredictor: max memory 477626368, total allocated 80740352, free 51116472, used 29623880, increment 0
FeaturedSpace: max memory 477626368, total allocated 80740352, free 51116472, used 29623880, increment 0
Sequential: max memory 477626368, total allocated 80740352, free 51116472, used 29623880, increment 0
Initial loss: 9.212038928611765
Initial test loss: 9.212038928611765
Time since start: 66.158
280: time = 2.745000 loss = 8.692493 testLoss 8.435160
Res.gain: 0.5195460814738482
Making features
makeFeatures: max memory 477626368, total allocated 82313216, free 22290856, used 60022360, increment 30398480
species_2 tmean9: 
Regularization values: linear/quadratic/product: 0.500, categorical: 0.250, threshold: 1.830, hinge: 0.500
17 samples
Density: max memory 477626368, total allocated 82313216, free 14340560, used 67972656, increment 7950296
linearPredictor: max memory 477626368, total allocated 82313216, free 14260408, used 68052808, increment 80152
FeaturedSpace: max memory 477626368, total allocated 82313216, free 14260408, used 68052808, increment 0
Sequential: max memory 477626368, total allocated 82313216, free 14260408, used 68052808, increment 0
Initial loss: 9.212038928611765
Initial test loss: 9.212038928611765
Time since start: 68.394
340: time = 5.645000 loss = 8.166034 testLoss 7.426474
Making features
makeFeatures: max memory 477626368, total allocated 85983232, free 53429008, used 32554224, increment -35498584
species_2 vpdmin9: 
Regularization values: linear/quadratic/product: 0.500, categorical: 0.250, threshold: 1.830, hinge: 0.500
17 samples
Density: max memory 477626368, total allocated 85983232, free 47664072, used 38319160, increment 5764936
linearPredictor: max memory 477626368, total allocated 85983232, free 47664072, used 38319160, increment 0
FeaturedSpace: max memory 477626368, total allocated 85983232, free 47156464, used 38826768, increment 507608
Sequential: max memory 477626368, total allocated 85983232, free 47156464, used 38826768, increment 0
Initial loss: 9.212038928611765
Initial test loss: 9.212038928611765
320: time = 3.075000 loss = 8.498863 testLoss 8.044646
Res.gain: 0.7131758275439175
220: time = 0.952000 loss = 8.799417 testLoss 8.366421
Res.gain: 0.4126219016592181
Time since start: 69.562
getSamples: max memory 477626368, total allocated 76546048, free 38900576, used 37645472, increment -1181296
Making features
makeFeatures: max memory 477626368, total allocated 76546048, free 38339512, used 38206536, increment 561064
species_3: 
Regularization values: linear/quadratic/product: 0.500, categorical: 0.250, threshold: 1.830, hinge: 0.500
17 samples
Density: max memory 477626368, total allocated 76546048, free 34299296, used 42246752, increment 4040216
linearPredictor: max memory 477626368, total allocated 76546048, free 34219144, used 42326904, increment 80152
FeaturedSpace: max memory 477626368, total allocated 76546048, free 34219144, used 42326904, increment 0
Sequential: max memory 477626368, total allocated 76546048, free 34219144, used 42326904, increment 0
Initial loss: 9.212038928611765
Initial test loss: 9.212038928611765
Time since start: 75.459
340: time = 5.831000 loss = 8.052187 testLoss 7.012110
Resulting gain: 1.1598516444841778
Projecting...
Writing file C:\Users\aortiz\AppData\Local\Temp\RtmpIP4leB\raster\maxent\6186745784\species_3.csv
species_3 response curves
Response curve: only ppt9
Response curve: only tmean9
Response curve: only vpdmin9
Making features
Making features
makeFeatures: max memory 477626368, total allocated 69730304, free 27390112, used 42340192, increment 13288
species_3 tmean9: 
Regularization values: linear/quadratic/product: 0.500, categorical: 0.250, threshold: 1.830, hinge: 0.500
makeFeatures: max memory 477626368, total allocated 69730304, free 27116456, used 42613848, increment 273656
species_3 ppt9: 
Regularization values: linear/quadratic/product: 0.500, categorical: 0.250, threshold: 1.830, hinge: 0.500
17 samples
17 samples
Density: max memory 477626368, total allocated 69730304, free 24551944, used 45178360, increment 2564512
linearPredictor: max memory 477626368, total allocated 69730304, free 24471792, used 45258512, increment 80152
Density: max memory 477626368, total allocated 69730304, free 24391640, used 45338664, increment 80152
linearPredictor: max memory 477626368, total allocated 69730304, free 24311488, used 45418816, increment 80152
FeaturedSpace: max memory 477626368, total allocated 69730304, free 24311488, used 45418816, increment 0
Sequential: max memory 477626368, total allocated 69730304, free 24311488, used 45418816, increment 0
Initial loss: 9.212038928611765
FeaturedSpace: max memory 477626368, total allocated 69730304, free 23847112, used 45883192, increment 464376
Sequential: max memory 477626368, total allocated 69730304, free 23847112, used 45883192, increment 0
Initial loss: 9.212038928611765
Time since start: 78.487
220: time = 2.173000 loss = 8.734854
Resulting gain: 0.4771852275466948
species_3 response curves
Making features
makeFeatures: max memory 477626368, total allocated 77594624, free 57038216, used 20556408, increment -25326784
species_3 vpdmin9: 
Regularization values: linear/quadratic/product: 0.500, categorical: 0.250, threshold: 1.830, hinge: 0.500
17 samples
Density: max memory 477626368, total allocated 77594624, free 51203080, used 26391544, increment 5835136
linearPredictor: max memory 477626368, total allocated 77594624, free 51122928, used 26471696, increment 80152
FeaturedSpace: max memory 477626368, total allocated 77594624, free 51122928, used 26471696, increment 0
Sequential: max memory 477626368, total allocated 77594624, free 51122928, used 26471696, increment 0
Initial loss: 9.212038928611765
240: time = 2.375000 loss = 8.494931
Resulting gain: 0.7171076668038623
species_3 response curves
Time since start: 79.569
220: time = 0.920000 loss = 8.792235
Resulting gain: 0.41980427676891807
species_3 response curves
Jackknife: leave ppt9 out
Jackknife: leave tmean9 out
Jackknife: leave vpdmin9 out
Jackknife: only ppt9
Jackknife: only tmean9
Jackknife: only vpdmin9
Making features
Making features
makeFeatures: max memory 477626368, total allocated 74448896, free 26892112, used 47556784, increment 21085088
species_3 ppt9: 
Regularization values: linear/quadratic/product: 0.500, categorical: 0.250, threshold: 1.830, hinge: 0.500
makeFeatures: max memory 477626368, total allocated 74448896, free 26892112, used 47556784, increment 0
species_3 tmean9: 
Regularization values: linear/quadratic/product: 0.500, categorical: 0.250, threshold: 1.830, hinge: 0.500
17 samples
17 samples
Density: max memory 477626368, total allocated 74448896, free 21735352, used 52713544, increment 5156760
linearPredictor: max memory 477626368, total allocated 74448896, free 21735352, used 52713544, increment 0
FeaturedSpace: max memory 477626368, total allocated 74448896, free 21735352, used 52713544, increment 0
Sequential: max memory 477626368, total allocated 74448896, free 21735352, used 52713544, increment 0
Initial loss: 9.212038928611765
Initial test loss: 9.212038928611765
Density: max memory 477626368, total allocated 74448896, free 21735352, used 52713544, increment 0
linearPredictor: max memory 477626368, total allocated 74448896, free 21655200, used 52793696, increment 80152
FeaturedSpace: max memory 477626368, total allocated 74448896, free 20558208, used 53890688, increment 1096992
Sequential: max memory 477626368, total allocated 74448896, free 20558208, used 53890688, increment 0
Initial loss: 9.212038928611765
Initial test loss: 9.212038928611765
Time since start: 83.23
300: time = 3.343000 loss = 8.307914 testLoss 7.313042
Making features
makeFeatures: max memory 477626368, total allocated 82837504, free 20297456, used 62540048, increment 8649360
species_3 vpdmin9: 
Regularization values: linear/quadratic/product: 0.500, categorical: 0.250, threshold: 1.830, hinge: 0.500
17 samples
Density: max memory 477626368, total allocated 89653248, free 62341528, used 27311720, increment -35228328
linearPredictor: max memory 477626368, total allocated 89653248, free 62261376, used 27391872, increment 80152
FeaturedSpace: max memory 477626368, total allocated 89653248, free 61644416, used 28008832, increment 616960
Sequential: max memory 477626368, total allocated 89653248, free 61644416, used 28008832, increment 0
Initial loss: 9.212038928611765
Initial test loss: 9.212038928611765
340: time = 3.841000 loss = 8.387379 testLoss 7.770985
Making features
makeFeatures: max memory 477626368, total allocated 96993280, free 65780168, used 31213112, increment 3204280
species_3 ppt9: 
Regularization values: linear/quadratic/product: 0.500, categorical: 0.250, threshold: 1.830, hinge: 0.500
17 samples
Density: max memory 477626368, total allocated 96993280, free 59775312, used 37217968, increment 6004856
linearPredictor: max memory 477626368, total allocated 96993280, free 59695160, used 37298120, increment 80152
FeaturedSpace: max memory 477626368, total allocated 96993280, free 59695160, used 37298120, increment 0
Sequential: max memory 477626368, total allocated 96993280, free 59695160, used 37298120, increment 0
Initial loss: 9.212038928611765
Initial test loss: 9.212038928611765
Time since start: 85.903
220: time = 2.141000 loss = 8.734854 testLoss 8.124844
Res.gain: 0.4771852275466948
Making features
makeFeatures: max memory 477626368, total allocated 83886080, free 38440032, used 45446048, increment 8147928
species_3 tmean9: 
Regularization values: linear/quadratic/product: 0.500, categorical: 0.250, threshold: 1.830, hinge: 0.500
17 samples
Density: max memory 477626368, total allocated 83886080, free 30816880, used 53069200, increment 7623152
linearPredictor: max memory 477626368, total allocated 83886080, free 30736728, used 53149352, increment 80152
FeaturedSpace: max memory 477626368, total allocated 83886080, free 30183224, used 53702856, increment 553504
Sequential: max memory 477626368, total allocated 83886080, free 30183224, used 53702856, increment 0
Initial loss: 9.212038928611765
Initial test loss: 9.212038928611765
Time since start: 88.243
240: time = 2.322000 loss = 8.494931 testLoss 8.031777
Res.gain: 0.7171076668038623
Making features
makeFeatures: max memory 477626368, total allocated 77594624, free 10007728, used 67586896, increment 13884040
species_3 vpdmin9: 
Regularization values: linear/quadratic/product: 0.500, categorical: 0.250, threshold: 1.830, hinge: 0.500
17 samples
Density: max memory 477626368, total allocated 85458944, free 56209328, used 29249616, increment -38337280
linearPredictor: max memory 477626368, total allocated 85458944, free 56209328, used 29249616, increment 0
FeaturedSpace: max memory 477626368, total allocated 85458944, free 56209328, used 29249616, increment 0
Sequential: max memory 477626368, total allocated 85458944, free 56209328, used 29249616, increment 0
Initial loss: 9.212038928611765
Initial test loss: 9.212038928611765
320: time = 5.198000 loss = 8.176552 testLoss 7.342005
220: time = 0.902000 loss = 8.792235 testLoss 8.418695
Res.gain: 0.41980427676891807
Time since start: 89.361
getSamples: max memory 477626368, total allocated 92274688, free 31128376, used 61146312, increment 31896696
Making features
makeFeatures: max memory 477626368, total allocated 92274688, free 30567312, used 61707376, increment 561064
species_4: 
Regularization values: linear/quadratic/product: 0.500, categorical: 0.250, threshold: 1.830, hinge: 0.500
17 samples
Density: max memory 477626368, total allocated 92274688, free 26382360, used 65892328, increment 4184952
linearPredictor: max memory 477626368, total allocated 92274688, free 26382360, used 65892328, increment 0
FeaturedSpace: max memory 477626368, total allocated 92274688, free 26382360, used 65892328, increment 0
Sequential: max memory 477626368, total allocated 92274688, free 26382360, used 65892328, increment 0
Initial loss: 9.212038928611765
Initial test loss: 9.212038928611765
Time since start: 94.187
280: time = 4.757000 loss = 8.050358 testLoss 7.063538
Resulting gain: 1.1616809897857703
Projecting...
Writing file C:\Users\aortiz\AppData\Local\Temp\RtmpIP4leB\raster\maxent\6186745784\species_4.csv
species_4 response curves
Response curve: only ppt9
Response curve: only tmean9
Response curve: only vpdmin9
Making features
Making features
makeFeatures: max memory 477626368, total allocated 57671680, free 24487752, used 33183928, increment -32708400
species_4 tmean9: 
Regularization values: linear/quadratic/product: 0.500, categorical: 0.250, threshold: 1.830, hinge: 0.500
makeFeatures: max memory 477626368, total allocated 57671680, free 24487752, used 33183928, increment 0
species_4 ppt9: 
Regularization values: linear/quadratic/product: 0.500, categorical: 0.250, threshold: 1.830, hinge: 0.500
17 samples
17 samples
Density: max memory 477626368, total allocated 57671680, free 21475080, used 36196600, increment 3012672
linearPredictor: max memory 477626368, total allocated 57671680, free 21394928, used 36276752, increment 80152
Density: max memory 477626368, total allocated 57671680, free 21314776, used 36356904, increment 80152
linearPredictor: max memory 477626368, total allocated 57671680, free 21234624, used 36437056, increment 80152
FeaturedSpace: max memory 477626368, total allocated 57671680, free 21234624, used 36437056, increment 0
Sequential: max memory 477626368, total allocated 57671680, free 21234624, used 36437056, increment 0
Initial loss: 9.212038928611765
FeaturedSpace: max memory 477626368, total allocated 57671680, free 20985144, used 36686536, increment 249480
Sequential: max memory 477626368, total allocated 57671680, free 20985144, used 36686536, increment 0
Initial loss: 9.212038928611765
Time since start: 97.397
240: time = 2.341000 loss = 8.730203
Resulting gain: 0.4818357113444218
species_4 response curves
240: time = 2.373000 loss = 8.497380
Resulting gain: 0.7146587226672203
species_4 response curves
Making features
makeFeatures: max memory 477626368, total allocated 75497472, free 27660352, used 47837120, increment 11150584
species_4 vpdmin9: 
Regularization values: linear/quadratic/product: 0.500, categorical: 0.250, threshold: 1.830, hinge: 0.500
17 samples
Density: max memory 477626368, total allocated 75497472, free 26803272, used 48694200, increment 857080
linearPredictor: max memory 477626368, total allocated 75497472, free 26294608, used 49202864, increment 508664
FeaturedSpace: max memory 477626368, total allocated 75497472, free 26294608, used 49202864, increment 0
Sequential: max memory 477626368, total allocated 75497472, free 26294608, used 49202864, increment 0
Initial loss: 9.212038928611765
Time since start: 98.549
220: time = 0.982000 loss = 8.802528
Resulting gain: 0.409510817789668
species_4 response curves
Jackknife: leave ppt9 out
Jackknife: leave tmean9 out
Jackknife: leave vpdmin9 out
Jackknife: only ppt9
Jackknife: only tmean9
Jackknife: only vpdmin9
Making features
Making features
makeFeatures: max memory 477626368, total allocated 72876032, free 50685920, used 22190112, increment -27012752
species_4 ppt9: 
Regularization values: linear/quadratic/product: 0.500, categorical: 0.250, threshold: 1.830, hinge: 0.500
makeFeatures: max memory 477626368, total allocated 72876032, free 50685920, used 22190112, increment 0
species_4 tmean9: 
Regularization values: linear/quadratic/product: 0.500, categorical: 0.250, threshold: 1.830, hinge: 0.500
17 samples
17 samples
Density: max memory 477626368, total allocated 72876032, free 45730368, used 27145664, increment 4955552
linearPredictor: max memory 477626368, total allocated 72876032, free 45730368, used 27145664, increment 0
Density: max memory 477626368, total allocated 72876032, free 45650216, used 27225816, increment 80152
linearPredictor: max memory 477626368, total allocated 72876032, free 45570064, used 27305968, increment 80152
FeaturedSpace: max memory 477626368, total allocated 72876032, free 45570064, used 27305968, increment 0
Sequential: max memory 477626368, total allocated 72876032, free 45570064, used 27305968, increment 0
FeaturedSpace: max memory 477626368, total allocated 72876032, free 45570064, used 27305968, increment 0
Initial loss: 9.212038928611765
Initial test loss: 9.212038928611765
Sequential: max memory 477626368, total allocated 72876032, free 45570064, used 27305968, increment 0
Initial loss: 9.212038928611765
Initial test loss: 9.212038928611765
Time since start: 102.193
300: time = 3.361000 loss = 8.394180 testLoss 7.740457
Making features
makeFeatures: max memory 477626368, total allocated 78118912, free 29779656, used 48339256, increment 21033288
species_4 vpdmin9: 
Regularization values: linear/quadratic/product: 0.500, categorical: 0.250, threshold: 1.830, hinge: 0.500
17 samples
Density: max memory 477626368, total allocated 78118912, free 16704384, used 61414528, increment 13075272
linearPredictor: max memory 477626368, total allocated 78118912, free 16624232, used 61494680, increment 80152
FeaturedSpace: max memory 477626368, total allocated 78118912, free 15718760, used 62400152, increment 905472
Sequential: max memory 477626368, total allocated 78118912, free 15718760, used 62400152, increment 0
Initial loss: 9.212038928611765
Initial test loss: 9.212038928611765
360: time = 3.902000 loss = 8.310872 testLoss 7.313723
Making features
makeFeatures: max memory 477626368, total allocated 91750400, free 57959944, used 33790456, increment -28609696
species_4 ppt9: 
Regularization values: linear/quadratic/product: 0.500, categorical: 0.250, threshold: 1.830, hinge: 0.500
17 samples
Density: max memory 477626368, total allocated 91750400, free 52390992, used 39359408, increment 5568952
linearPredictor: max memory 477626368, total allocated 91750400, free 52310840, used 39439560, increment 80152
FeaturedSpace: max memory 477626368, total allocated 91750400, free 52310840, used 39439560, increment 0
Sequential: max memory 477626368, total allocated 91750400, free 52310840, used 39439560, increment 0
Initial loss: 9.212038928611765
Initial test loss: 9.212038928611765
Time since start: 105.119
240: time = 2.350000 loss = 8.730203 testLoss 8.164834
Res.gain: 0.4818357113444218
Making features
makeFeatures: max memory 477626368, total allocated 83361792, free 26400552, used 56961240, increment 17521680
species_4 tmean9: 
Regularization values: linear/quadratic/product: 0.500, categorical: 0.250, threshold: 1.830, hinge: 0.500
17 samples
Density: max memory 477626368, total allocated 83361792, free 18220968, used 65140824, increment 8179584
linearPredictor: max memory 477626368, total allocated 83361792, free 18140816, used 65220976, increment 80152
FeaturedSpace: max memory 477626368, total allocated 83361792, free 17594352, used 65767440, increment 546464
Sequential: max memory 477626368, total allocated 83361792, free 17594352, used 65767440, increment 0
Initial loss: 9.212038928611765
Initial test loss: 9.212038928611765
Time since start: 106.876
280: time = 4.618000 loss = 8.168685 testLoss 7.416787
Making features
makeFeatures: max memory 477626368, total allocated 80740352, free 9054136, used 71686216, increment 5918776
species_4 vpdmin9: 
Regularization values: linear/quadratic/product: 0.500, categorical: 0.250, threshold: 1.830, hinge: 0.500
17 samples
Density: max memory 477626368, total allocated 79167488, free 49552784, used 29614704, increment -42071512
linearPredictor: max memory 477626368, total allocated 79167488, free 49073056, used 30094432, increment 479728
FeaturedSpace: max memory 477626368, total allocated 79167488, free 48615280, used 30552208, increment 457776
Sequential: max memory 477626368, total allocated 79167488, free 48615280, used 30552208, increment 0
Initial loss: 9.212038928611765
Initial test loss: 9.212038928611765
240: time = 2.352000 loss = 8.497380 testLoss 8.015305
Res.gain: 0.7146587226672203
Time since start: 107.942
220: time = 1.019000 loss = 8.802528 testLoss 8.346897
Res.gain: 0.409510817789668
getSamples: max memory 477626368, total allocated 72876032, free 31792808, used 41083224, increment 10531016
Making features
makeFeatures: max memory 477626368, total allocated 72876032, free 30991424, used 41884608, increment 801384
species_5: 
Regularization values: linear/quadratic/product: 0.500, categorical: 0.250, threshold: 1.830, hinge: 0.500
17 samples
Density: max memory 477626368, total allocated 72876032, free 26790200, used 46085832, increment 4201224
linearPredictor: max memory 477626368, total allocated 72876032, free 26790200, used 46085832, increment 0
FeaturedSpace: max memory 477626368, total allocated 72876032, free 26790200, used 46085832, increment 0
Sequential: max memory 477626368, total allocated 72876032, free 26790200, used 46085832, increment 0
Initial loss: 9.212038928611765
Initial test loss: 9.212038928611765
Time since start: 114.005
340: time = 5.726000 loss = 8.070456 testLoss 6.890607
Resulting gain: 1.141582988441483
Projecting...
Writing file C:\Users\aortiz\AppData\Local\Temp\RtmpIP4leB\raster\maxent\6186745784\species_5.csv
species_5 response curves
Response curve: only ppt9
Response curve: only tmean9
Response curve: only vpdmin9
Making features
Making features
makeFeatures: max memory 477626368, total allocated 67108864, free 37828456, used 29280408, increment -16805424
species_5 ppt9: 
Regularization values: linear/quadratic/product: 0.500, categorical: 0.250, threshold: 1.830, hinge: 0.500
makeFeatures: max memory 477626368, total allocated 67108864, free 37828456, used 29280408, increment 0
species_5 tmean9: 
Regularization values: linear/quadratic/product: 0.500, categorical: 0.250, threshold: 1.830, hinge: 0.500
17 samples
17 samples
Density: max memory 477626368, total allocated 67108864, free 34948464, used 32160400, increment 2879992
linearPredictor: max memory 477626368, total allocated 67108864, free 34868312, used 32240552, increment 80152
Density: max memory 477626368, total allocated 67108864, free 34788160, used 32320704, increment 80152
linearPredictor: max memory 477626368, total allocated 67108864, free 34708008, used 32400856, increment 80152
FeaturedSpace: max memory 477626368, total allocated 67108864, free 34708008, used 32400856, increment 0
Sequential: max memory 477626368, total allocated 67108864, free 34708008, used 32400856, increment 0
Initial loss: 9.212038928611765
FeaturedSpace: max memory 477626368, total allocated 67108864, free 34368984, used 32739880, increment 339024
Sequential: max memory 477626368, total allocated 67108864, free 34368984, used 32739880, increment 0
Initial loss: 9.212038928611765
Time since start: 116.912
220: time = 2.175000 loss = 8.743002
Resulting gain: 0.469037120062497
species_5 response curves
Making features
makeFeatures: max memory 477626368, total allocated 73400320, free 51742840, used 21657480, increment -11082400
species_5 vpdmin9: 
Regularization values: linear/quadratic/product: 0.500, categorical: 0.250, threshold: 1.830, hinge: 0.500
17 samples
Density: max memory 477626368, total allocated 73400320, free 46048824, used 27351496, increment 5694016
linearPredictor: max memory 477626368, total allocated 73400320, free 46048824, used 27351496, increment 0
FeaturedSpace: max memory 477626368, total allocated 73400320, free 45530832, used 27869488, increment 517992
Sequential: max memory 477626368, total allocated 73400320, free 45530832, used 27869488, increment 0
Initial loss: 9.212038928611765
240: time = 2.375000 loss = 8.507152
Resulting gain: 0.7048867454803052
species_5 response curves
Time since start: 118.061
220: time = 0.980000 loss = 8.798136
Resulting gain: 0.4139033816746469
species_5 response curves
Jackknife: leave ppt9 out
Jackknife: leave tmean9 out
Jackknife: leave vpdmin9 out
Jackknife: only ppt9
Jackknife: only tmean9
Jackknife: only vpdmin9
Making features
Making features
makeFeatures: max memory 477626368, total allocated 71303168, free 16661968, used 54641200, increment 26771712
species_5 ppt9: 
Regularization values: linear/quadratic/product: 0.500, categorical: 0.250, threshold: 1.830, hinge: 0.500
makeFeatures: max memory 477626368, total allocated 71303168, free 16661968, used 54641200, increment 0
species_5 tmean9: 
Regularization values: linear/quadratic/product: 0.500, categorical: 0.250, threshold: 1.830, hinge: 0.500
17 samples
17 samples
Density: max memory 477626368, total allocated 70778880, free 47866624, used 22912256, increment -31728944
linearPredictor: max memory 477626368, total allocated 70778880, free 47866624, used 22912256, increment 0
Density: max memory 477626368, total allocated 70778880, free 47866624, used 22912256, increment 0
linearPredictor: max memory 477626368, total allocated 70778880, free 47866624, used 22912256, increment 0
FeaturedSpace: max memory 477626368, total allocated 70778880, free 47866624, used 22912256, increment 0
Sequential: max memory 477626368, total allocated 70778880, free 47866624, used 22912256, increment 0
Initial loss: 9.212038928611765
Initial test loss: 9.212038928611765
FeaturedSpace: max memory 477626368, total allocated 70778880, free 47581984, used 23196896, increment 284640
Sequential: max memory 477626368, total allocated 70778880, free 47581984, used 23196896, increment 0
Initial loss: 9.212038928611765
Initial test loss: 9.212038928611765
Time since start: 121.892
300: time = 3.430000 loss = 8.401892 testLoss 7.674951
Making features
makeFeatures: max memory 477626368, total allocated 76546048, free 20905136, used 55640912, increment 32444016
species_5 vpdmin9: 
Regularization values: linear/quadratic/product: 0.500, categorical: 0.250, threshold: 1.830, hinge: 0.500
17 samples
Density: max memory 477626368, total allocated 81788928, free 55423984, used 26364944, increment -29275968
linearPredictor: max memory 477626368, total allocated 81788928, free 55343832, used 26445096, increment 80152
FeaturedSpace: max memory 477626368, total allocated 81788928, free 54795960, used 26992968, increment 547872
Sequential: max memory 477626368, total allocated 81788928, free 54795960, used 26992968, increment 0
Initial loss: 9.212038928611765
Initial test loss: 9.212038928611765
340: time = 3.708000 loss = 8.320158 testLoss 7.224939
Making features
makeFeatures: max memory 477626368, total allocated 84410368, free 24774344, used 59636024, increment 32643056
species_5 ppt9: 
Regularization values: linear/quadratic/product: 0.500, categorical: 0.250, threshold: 1.830, hinge: 0.500
17 samples
Density: max memory 477626368, total allocated 84410368, free 18386856, used 66023512, increment 6387488
linearPredictor: max memory 477626368, total allocated 84410368, free 18386856, used 66023512, increment 0
FeaturedSpace: max memory 477626368, total allocated 84410368, free 18386856, used 66023512, increment 0
Sequential: max memory 477626368, total allocated 84410368, free 18386856, used 66023512, increment 0
Initial loss: 9.212038928611765
Initial test loss: 9.212038928611765
Time since start: 124.352
220: time = 2.159000 loss = 8.743002 testLoss 8.067009
Res.gain: 0.469037120062497
Making features
makeFeatures: max memory 477626368, total allocated 82313216, free 19710600, used 62602616, increment -3420896
species_5 tmean9: 
Regularization values: linear/quadratic/product: 0.500, categorical: 0.250, threshold: 1.830, hinge: 0.500
17 samples
Density: max memory 477626368, total allocated 82313216, free 12323376, used 69989840, increment 7387224
linearPredictor: max memory 477626368, total allocated 82313216, free 12243224, used 70069992, increment 80152
FeaturedSpace: max memory 477626368, total allocated 82313216, free 11184472, used 71128744, increment 1058752
Sequential: max memory 477626368, total allocated 82313216, free 11184472, used 71128744, increment 0
Initial loss: 9.212038928611765
Initial test loss: 9.212038928611765
Time since start: 126.735
240: time = 2.360000 loss = 8.507152 testLoss 7.946587
Res.gain: 0.7048867454803052
Making features
makeFeatures: max memory 477626368, total allocated 87556096, free 59287704, used 28268392, increment -42860352
species_5 vpdmin9: 
Regularization values: linear/quadratic/product: 0.500, categorical: 0.250, threshold: 1.830, hinge: 0.500
17 samples
Density: max memory 477626368, total allocated 87556096, free 52807568, used 34748528, increment 6480136
linearPredictor: max memory 477626368, total allocated 87556096, free 52807568, used 34748528, increment 0
FeaturedSpace: max memory 477626368, total allocated 87556096, free 52807568, used 34748528, increment 0
Sequential: max memory 477626368, total allocated 87556096, free 52807568, used 34748528, increment 0
Initial loss: 9.212038928611765
Initial test loss: 9.212038928611765
300: time = 4.945000 loss = 8.191761 testLoss 7.238076
Time since start: 127.748
220: time = 0.997000 loss = 8.798136 testLoss 8.375237
Res.gain: 0.4139033816746469
getSamples: max memory 477626368, total allocated 84410368, free 29604352, used 54806016, increment 20057488
Making features
makeFeatures: max memory 477626368, total allocated 84410368, free 28590144, used 55820224, increment 1014208
species_6: 
Regularization values: linear/quadratic/product: 0.500, categorical: 0.250, threshold: 1.830, hinge: 0.500
17 samples
Density: max memory 477626368, total allocated 84410368, free 24596952, used 59813416, increment 3993192
linearPredictor: max memory 477626368, total allocated 84410368, free 24596952, used 59813416, increment 0
FeaturedSpace: max memory 477626368, total allocated 84410368, free 24596952, used 59813416, increment 0
Sequential: max memory 477626368, total allocated 84410368, free 24596952, used 59813416, increment 0
Initial loss: 9.212038928611765
Initial test loss: 9.212038928611765
Time since start: 134.363
380: time = 6.399000 loss = 8.058636 testLoss 7.017622
Resulting gain: 1.1534031543387453
Projecting...
Writing file C:\Users\aortiz\AppData\Local\Temp\RtmpIP4leB\raster\maxent\6186745784\species_6.csv
species_6 response curves
Response curve: only ppt9
Response curve: only tmean9
Response curve: only vpdmin9
Making features
Making features
makeFeatures: max memory 477626368, total allocated 72876032, free 37464648, used 35411384, increment -24402032
species_6 tmean9: 
makeFeatures: max memory 477626368, total allocated 72876032, free 37464648, used 35411384, increment -24402032
species_6 ppt9: 
Regularization values: linear/quadratic/product: 0.500, categorical: 0.250, threshold: 1.830, hinge: 0.500
Regularization values: linear/quadratic/product: 0.500, categorical: 0.250, threshold: 1.830, hinge: 0.500
17 samples
17 samples
Density: max memory 477626368, total allocated 72876032, free 34871680, used 38004352, increment 2592968
Density: max memory 477626368, total allocated 72876032, free 34711376, used 38164656, increment 160304
linearPredictor: max memory 477626368, total allocated 72876032, free 34711376, used 38164656, increment 160304
linearPredictor: max memory 477626368, total allocated 72876032, free 34631224, used 38244808, increment 80152
FeaturedSpace: max memory 477626368, total allocated 72876032, free 34631224, used 38244808, increment 0
Sequential: max memory 477626368, total allocated 72876032, free 34631224, used 38244808, increment 0
Initial loss: 9.212038928611765
FeaturedSpace: max memory 477626368, total allocated 72876032, free 34631224, used 38244808, increment 0
Sequential: max memory 477626368, total allocated 72876032, free 34202432, used 38673600, increment 428792
Initial loss: 9.212038928611765
Time since start: 137.407
220: time = 2.205000 loss = 8.744714
Resulting gain: 0.46732464838575893
species_6 response curves
Making features
makeFeatures: max memory 477626368, total allocated 74973184, free 30301040, used 44672144, increment 5998544
species_6 vpdmin9: 
Regularization values: linear/quadratic/product: 0.500, categorical: 0.250, threshold: 1.830, hinge: 0.500
17 samples
Density: max memory 477626368, total allocated 74973184, free 24910016, used 50063168, increment 5391024
linearPredictor: max memory 477626368, total allocated 74973184, free 24829864, used 50143320, increment 80152
FeaturedSpace: max memory 477626368, total allocated 74973184, free 24338768, used 50634416, increment 491096
Sequential: max memory 477626368, total allocated 74973184, free 24338768, used 50634416, increment 0
Initial loss: 9.212038928611765
300: time = 2.969000 loss = 8.507985
Resulting gain: 0.704053902546832
species_6 response curves
Time since start: 138.641
220: time = 1.034000 loss = 8.777480
Resulting gain: 0.43455904147626967
species_6 response curves
Jackknife: leave ppt9 out
Jackknife: leave tmean9 out
Jackknife: leave vpdmin9 out
Jackknife: only ppt9
Jackknife: only tmean9
Jackknife: only vpdmin9
Making features
Making features
makeFeatures: max memory 477626368, total allocated 68681728, free 22962824, used 45718904, increment -4915512
species_6 tmean9: 
makeFeatures: max memory 477626368, total allocated 68681728, free 22962824, used 45718904, increment 0
Regularization values: linear/quadratic/product: 0.500, categorical: 0.250, threshold: 1.830, hinge: 0.500
species_6 ppt9: 
Regularization values: linear/quadratic/product: 0.500, categorical: 0.250, threshold: 1.830, hinge: 0.500
17 samples
17 samples
Density: max memory 477626368, total allocated 68681728, free 17739288, used 50942440, increment 5223536
linearPredictor: max memory 477626368, total allocated 68681728, free 17739288, used 50942440, increment 0
Density: max memory 477626368, total allocated 68681728, free 17659136, used 51022592, increment 80152
FeaturedSpace: max memory 477626368, total allocated 68681728, free 17578984, used 51102744, increment 80152
linearPredictor: max memory 477626368, total allocated 68681728, free 17578984, used 51102744, increment 80152
Sequential: max memory 477626368, total allocated 68681728, free 17578984, used 51102744, increment 0
Initial loss: 9.212038928611765
Initial test loss: 9.212038928611765
FeaturedSpace: max memory 477626368, total allocated 68681728, free 17215840, used 51465888, increment 363144
Sequential: max memory 477626368, total allocated 68681728, free 17215840, used 51465888, increment 0
Initial loss: 9.212038928611765
Initial test loss: 9.212038928611765
Time since start: 142.395
300: time = 3.407000 loss = 8.392578 testLoss 7.772505
Making features
makeFeatures: max memory 477626368, total allocated 73400320, free 39245576, used 34154744, increment -17311144
species_6 vpdmin9: 
Regularization values: linear/quadratic/product: 0.500, categorical: 0.250, threshold: 1.830, hinge: 0.500
17 samples
Density: max memory 477626368, total allocated 73400320, free 25991704, used 47408616, increment 13253872
linearPredictor: max memory 477626368, total allocated 73400320, free 25911552, used 47488768, increment 80152
FeaturedSpace: max memory 477626368, total allocated 73400320, free 25911552, used 47488768, increment 0
Sequential: max memory 477626368, total allocated 73400320, free 25506424, used 47893896, increment 405128
Initial loss: 9.212038928611765
Initial test loss: 9.212038928611765
340: time = 3.732000 loss = 8.306302 testLoss 7.371067
Making features
makeFeatures: max memory 477626368, total allocated 87556096, free 14434832, used 73121264, increment 25227368
species_6 ppt9: 
Regularization values: linear/quadratic/product: 0.500, categorical: 0.250, threshold: 1.830, hinge: 0.500
17 samples
Density: max memory 477626368, total allocated 87556096, free 8958224, used 78597872, increment 5476608
linearPredictor: max memory 477626368, total allocated 87556096, free 8878072, used 78678024, increment 80152
FeaturedSpace: max memory 477626368, total allocated 87556096, free 8878072, used 78678024, increment 0
Sequential: max memory 477626368, total allocated 87556096, free 8878072, used 78678024, increment 0
Initial loss: 9.212038928611765
Initial test loss: 9.212038928611765
Time since start: 144.941
220: time = 2.174000 loss = 8.744714 testLoss 8.062398
Res.gain: 0.46732464838575893
Making features
makeFeatures: max memory 477626368, total allocated 76021760, free 25742392, used 50279368, increment -28398656
species_6 tmean9: 
Regularization values: linear/quadratic/product: 0.500, categorical: 0.250, threshold: 1.830, hinge: 0.500
17 samples
Density: max memory 477626368, total allocated 76021760, free 18556400, used 57465360, increment 7185992
linearPredictor: max memory 477626368, total allocated 76021760, free 18476248, used 57545512, increment 80152
FeaturedSpace: max memory 477626368, total allocated 76021760, free 18011880, used 58009880, increment 464368
Sequential: max memory 477626368, total allocated 76021760, free 18011880, used 58009880, increment 0
Initial loss: 9.212038928611765
Initial test loss: 9.212038928611765
Time since start: 147.463
300: time = 5.012000 loss = 8.191151 testLoss 7.267396
Making features
makeFeatures: max memory 477626368, total allocated 93847552, free 61524088, used 32323464, increment -25686416
species_6 vpdmin9: 
Regularization values: linear/quadratic/product: 0.500, categorical: 0.250, threshold: 1.830, hinge: 0.500
17 samples
Density: max memory 477626368, total allocated 93847552, free 56522040, used 37325512, increment 5002048
linearPredictor: max memory 477626368, total allocated 93847552, free 56522040, used 37325512, increment 0
FeaturedSpace: max memory 477626368, total allocated 93847552, free 55978496, used 37869056, increment 543544
Sequential: max memory 477626368, total allocated 93847552, free 55978496, used 37869056, increment 0
Initial loss: 9.212038928611765
Initial test loss: 9.212038928611765
300: time = 2.875000 loss = 8.507985 testLoss 7.957373
Res.gain: 0.704053902546832
Time since start: 148.496
220: time = 1.002000 loss = 8.777480 testLoss 8.555544
Res.gain: 0.43455904147626967
getSamples: max memory 477626368, total allocated 88604672, free 43037120, used 45567552, increment 7698496
Making features
makeFeatures: max memory 477626368, total allocated 88604672, free 42395904, used 46208768, increment 641216
species_7: 
Regularization values: linear/quadratic/product: 0.500, categorical: 0.250, threshold: 1.830, hinge: 0.500
17 samples
Density: max memory 477626368, total allocated 88604672, free 37887920, used 50716752, increment 4507984
linearPredictor: max memory 477626368, total allocated 88604672, free 37887920, used 50716752, increment 0
FeaturedSpace: max memory 477626368, total allocated 88604672, free 37887920, used 50716752, increment 0
Sequential: max memory 477626368, total allocated 88604672, free 37887920, used 50716752, increment 0
Initial loss: 9.212038928611765
Initial test loss: 9.212038928611765
Time since start: 154.773
360: time = 6.061000 loss = 8.009155 testLoss 7.349561
Resulting gain: 1.202883499057938
Projecting...
Writing file C:\Users\aortiz\AppData\Local\Temp\RtmpIP4leB\raster\maxent\6186745784\species_7.csv
species_7 response curves
Response curve: only ppt9
Response curve: only tmean9
Response curve: only vpdmin9
Making features
Making features
makeFeatures: max memory 477626368, total allocated 67108864, free 44757968, used 22350896, increment -28365856
species_7 ppt9: 
makeFeatures: max memory 477626368, total allocated 67108864, free 44757968, used 22350896, increment -28365856
species_7 tmean9: 
Regularization values: linear/quadratic/product: 0.500, categorical: 0.250, threshold: 1.830, hinge: 0.500
Regularization values: linear/quadratic/product: 0.500, categorical: 0.250, threshold: 1.830, hinge: 0.500
17 samples
17 samples
Density: max memory 477626368, total allocated 67108864, free 41792848, used 25316016, increment 2965120
Density: max memory 477626368, total allocated 67108864, free 41632544, used 25476320, increment 160304
linearPredictor: max memory 477626368, total allocated 67108864, free 41632544, used 25476320, increment 160304
linearPredictor: max memory 477626368, total allocated 67108864, free 41552392, used 25556472, increment 80152
FeaturedSpace: max memory 477626368, total allocated 67108864, free 41552392, used 25556472, increment 0
FeaturedSpace: max memory 477626368, total allocated 67108864, free 41552392, used 25556472, increment 0
Sequential: max memory 477626368, total allocated 67108864, free 41552392, used 25556472, increment 0
Sequential: max memory 477626368, total allocated 67108864, free 41552392, used 25556472, increment 0
Initial loss: 9.212038928611765
Initial loss: 9.212038928611765
Time since start: 158.227
260: time = 2.521000 loss = 8.482562
Resulting gain: 0.7294772392419464
species_7 response curves
Making features
makeFeatures: max memory 477626368, total allocated 88604672, free 52066360, used 36538312, increment 10981840
species_7 vpdmin9: 
Regularization values: linear/quadratic/product: 0.500, categorical: 0.250, threshold: 1.830, hinge: 0.500
17 samples
Density: max memory 477626368, total allocated 88604672, free 47133704, used 41470968, increment 4932656
linearPredictor: max memory 477626368, total allocated 88604672, free 47053552, used 41551120, increment 80152
FeaturedSpace: max memory 477626368, total allocated 88604672, free 46399600, used 42205072, increment 653952
Sequential: max memory 477626368, total allocated 88604672, free 46399600, used 42205072, increment 0
Initial loss: 9.212038928611765
360: time = 3.439000 loss = 8.693658
Resulting gain: 0.5183811974758914
species_7 response curves
160: time = 0.749000 loss = 8.798234
Resulting gain: 0.4138046174074308
species_7 response curves
Time since start: 159.466
Jackknife: leave ppt9 out
Jackknife: leave tmean9 out
Jackknife: leave vpdmin9 out
Jackknife: only ppt9
Jackknife: only tmean9
Jackknife: only vpdmin9
Making features
Making features
makeFeatures: max memory 477626368, total allocated 80740352, free 51063296, used 29677056, increment -12528016
species_7 ppt9: 
Regularization values: linear/quadratic/product: 0.500, categorical: 0.250, threshold: 1.830, hinge: 0.500
makeFeatures: max memory 477626368, total allocated 80740352, free 51063296, used 29677056, increment 0
species_7 tmean9: 
Regularization values: linear/quadratic/product: 0.500, categorical: 0.250, threshold: 1.830, hinge: 0.500
17 samples
17 samples
Density: max memory 477626368, total allocated 80740352, free 46006448, used 34733904, increment 5056848
linearPredictor: max memory 477626368, total allocated 80740352, free 46006448, used 34733904, increment 0
Density: max memory 477626368, total allocated 80740352, free 46006448, used 34733904, increment 0
linearPredictor: max memory 477626368, total allocated 80740352, free 46006448, used 34733904, increment 0
FeaturedSpace: max memory 477626368, total allocated 80740352, free 46006448, used 34733904, increment 0
Sequential: max memory 477626368, total allocated 80740352, free 46006448, used 34733904, increment 0
Initial loss: 9.212038928611765
Initial test loss: 9.212038928611765
FeaturedSpace: max memory 477626368, total allocated 80740352, free 46006448, used 34733904, increment 0
Sequential: max memory 477626368, total allocated 80740352, free 46006448, used 34733904, increment 0
Initial loss: 9.212038928611765
Initial test loss: 9.212038928611765
Time since start: 164.187
420: time = 4.686000 loss = 8.376449 testLoss 7.875822
Making features
makeFeatures: max memory 477626368, total allocated 82313216, free 30569944, used 51743272, increment 17009368
species_7 vpdmin9: 
Regularization values: linear/quadratic/product: 0.500, categorical: 0.250, threshold: 1.830, hinge: 0.500
17 samples
Density: max memory 477626368, total allocated 82313216, free 17845312, used 64467904, increment 12724632
linearPredictor: max memory 477626368, total allocated 82313216, free 17765160, used 64548056, increment 80152
FeaturedSpace: max memory 477626368, total allocated 82313216, free 17305744, used 65007472, increment 459416
Sequential: max memory 477626368, total allocated 82313216, free 17305744, used 65007472, increment 0
Initial loss: 9.212038928611765
Initial test loss: 9.212038928611765
480: time = 5.190000 loss = 8.270064 testLoss 7.582200
Making features
makeFeatures: max memory 477626368, total allocated 90177536, free 24979440, used 65198096, increment 190624
species_7 ppt9: 
Regularization values: linear/quadratic/product: 0.500, categorical: 0.250, threshold: 1.830, hinge: 0.500
17 samples
Density: max memory 477626368, total allocated 98566144, free 78685152, used 19880992, increment -45317104
linearPredictor: max memory 477626368, total allocated 98566144, free 78685152, used 19880992, increment 0
FeaturedSpace: max memory 477626368, total allocated 98566144, free 78158272, used 20407872, increment 526880
Sequential: max memory 477626368, total allocated 98566144, free 78158272, used 20407872, increment 0
Initial loss: 9.212038928611765
Initial test loss: 9.212038928611765
Time since start: 168.161
360: time = 3.440000 loss = 8.693658 testLoss 8.413075
Res.gain: 0.5183811974758914
Making features
makeFeatures: max memory 477626368, total allocated 80216064, free 24237936, used 55978128, increment 35570256
species_7 tmean9: 
Regularization values: linear/quadratic/product: 0.500, categorical: 0.250, threshold: 1.830, hinge: 0.500
17 samples
Density: max memory 477626368, total allocated 87556096, free 66031064, used 21525032, increment -34453096
linearPredictor: max memory 477626368, total allocated 87556096, free 65950912, used 21605184, increment 80152
FeaturedSpace: max memory 477626368, total allocated 87556096, free 65393112, used 22162984, increment 557800
Sequential: max memory 477626368, total allocated 87556096, free 65393112, used 22162984, increment 0
Initial loss: 9.212038928611765
Initial test loss: 9.212038928611765
Time since start: 170.706
260: time = 2.509000 loss = 8.482562 testLoss 8.136790
Res.gain: 0.7294772392419464
Making features
makeFeatures: max memory 477626368, total allocated 87031808, free 32173528, used 54858280, increment 32695296
species_7 vpdmin9: 
Regularization values: linear/quadratic/product: 0.500, categorical: 0.250, threshold: 1.830, hinge: 0.500
17 samples
Density: max memory 477626368, total allocated 87031808, free 27056776, used 59975032, increment 5116752
linearPredictor: max memory 477626368, total allocated 87031808, free 27056776, used 59975032, increment 0
FeaturedSpace: max memory 477626368, total allocated 87031808, free 26534472, used 60497336, increment 522304
Sequential: max memory 477626368, total allocated 87031808, free 26534472, used 60497336, increment 0
Initial loss: 9.212038928611765
Initial test loss: 9.212038928611765
420: time = 6.884000 loss = 8.131670 testLoss 7.673181
160: time = 0.694000 loss = 8.798234 testLoss 8.377839
Res.gain: 0.4138046174074308
getSamples: max memory 477626368, total allocated 81264640, free 38599024, used 42665616, increment -17831720
Making features
makeFeatures: max memory 477626368, total allocated 81264640, free 37815936, used 43448704, increment 783088
species_8: 
Regularization values: linear/quadratic/product: 0.500, categorical: 0.250, threshold: 1.830, hinge: 0.500
17 samples
Density: max memory 477626368, total allocated 81264640, free 33476040, used 47788600, increment 4339896
linearPredictor: max memory 477626368, total allocated 81264640, free 33476040, used 47788600, increment 0
FeaturedSpace: max memory 477626368, total allocated 81264640, free 33476040, used 47788600, increment 0
Sequential: max memory 477626368, total allocated 81264640, free 33476040, used 47788600, increment 0
Initial loss: 9.212038928611765
Initial test loss: 9.212038928611765
Time since start: 178.632
420: time = 6.969000 loss = 8.027511 testLoss 7.197059
Resulting gain: 1.1845280079339506
Projecting...
Writing file C:\Users\aortiz\AppData\Local\Temp\RtmpIP4leB\raster\maxent\6186745784\species_8.csv
species_8 response curves
Response curve: only ppt9
Response curve: only tmean9
Response curve: only vpdmin9
Making features
Making features
makeFeatures: max memory 477626368, total allocated 68157440, free 28185992, used 39971448, increment -7817152
species_8 ppt9: 
Regularization values: linear/quadratic/product: 0.500, categorical: 0.250, threshold: 1.830, hinge: 0.500
makeFeatures: max memory 477626368, total allocated 68157440, free 28185992, used 39971448, increment 0
species_8 tmean9: 
Regularization values: linear/quadratic/product: 0.500, categorical: 0.250, threshold: 1.830, hinge: 0.500
17 samples
17 samples
Density: max memory 477626368, total allocated 68157440, free 25285728, used 42871712, increment 2900264
linearPredictor: max memory 477626368, total allocated 68157440, free 25205576, used 42951864, increment 80152
Density: max memory 477626368, total allocated 68157440, free 25125424, used 43032016, increment 80152
linearPredictor: max memory 477626368, total allocated 68157440, free 25045272, used 43112168, increment 80152
FeaturedSpace: max memory 477626368, total allocated 68157440, free 25045272, used 43112168, increment 0
Sequential: max memory 477626368, total allocated 68157440, free 25045272, used 43112168, increment 0
Initial loss: 9.212038928611765
FeaturedSpace: max memory 477626368, total allocated 68157440, free 24679088, used 43478352, increment 366184
Sequential: max memory 477626368, total allocated 68157440, free 24679088, used 43478352, increment 0
Initial loss: 9.212038928611765
Time since start: 182.239
280: time = 2.753000 loss = 8.505395
Resulting gain: 0.7066442155039674
species_8 response curves
Making features
makeFeatures: max memory 477626368, total allocated 91750400, free 35007680, used 56742720, increment 13264368
species_8 vpdmin9: 
Regularization values: linear/quadratic/product: 0.500, categorical: 0.250, threshold: 1.830, hinge: 0.500
300: time = 2.891000 loss = 8.712998
Resulting gain: 0.499041057756056
17 samples
species_8 response curves
Density: max memory 477626368, total allocated 91750400, free 31715712, used 60034688, increment 3291968
linearPredictor: max memory 477626368, total allocated 91750400, free 31715712, used 60034688, increment 0
FeaturedSpace: max memory 477626368, total allocated 91750400, free 31715712, used 60034688, increment 0
Sequential: max memory 477626368, total allocated 91750400, free 31715712, used 60034688, increment 0
Initial loss: 9.212038928611765
180: time = 0.748000 loss = 8.780860
Resulting gain: 0.43117875417923734
species_8 response curves
Time since start: 183.363
Jackknife: leave ppt9 out
Jackknife: leave tmean9 out
Jackknife: leave vpdmin9 out
Jackknife: only ppt9
Jackknife: only tmean9
Jackknife: only vpdmin9
Making features
Making features
makeFeatures: max memory 477626368, total allocated 88604672, free 46785040, used 41819632, increment -18215056
species_8 ppt9: 
Regularization values: linear/quadratic/product: 0.500, categorical: 0.250, threshold: 1.830, hinge: 0.500
makeFeatures: max memory 477626368, total allocated 88604672, free 46785040, used 41819632, increment 0
species_8 tmean9: 
Regularization values: linear/quadratic/product: 0.500, categorical: 0.250, threshold: 1.830, hinge: 0.500
17 samples
17 samples
Density: max memory 477626368, total allocated 88604672, free 41477680, used 47126992, increment 5307360
linearPredictor: max memory 477626368, total allocated 88604672, free 41477680, used 47126992, increment 0
Density: max memory 477626368, total allocated 88604672, free 41477680, used 47126992, increment 5307360
linearPredictor: max memory 477626368, total allocated 88604672, free 41477680, used 47126992, increment 0
FeaturedSpace: max memory 477626368, total allocated 88604672, free 41477680, used 47126992, increment 0
FeaturedSpace: max memory 477626368, total allocated 88604672, free 41477680, used 47126992, increment 0
Sequential: max memory 477626368, total allocated 88604672, free 41477680, used 47126992, increment 0
Sequential: max memory 477626368, total allocated 88604672, free 41477680, used 47126992, increment 0
Initial loss: 9.212038928611765
Initial test loss: 9.212038928611765
Initial loss: 9.212038928611765
Initial test loss: 9.212038928611765
Time since start: 187.188
340: time = 3.793000 loss = 8.387971 testLoss 7.774052
Making features
makeFeatures: max memory 477626368, total allocated 87556096, free 63151224, used 24404872, increment -22722120
species_8 vpdmin9: 
Regularization values: linear/quadratic/product: 0.500, categorical: 0.250, threshold: 1.830, hinge: 0.500
17 samples
Density: max memory 477626368, total allocated 87556096, free 50130608, used 37425488, increment 13020616
linearPredictor: max memory 477626368, total allocated 87556096, free 50050456, used 37505640, increment 80152
FeaturedSpace: max memory 477626368, total allocated 87556096, free 50050456, used 37505640, increment 0
Sequential: max memory 477626368, total allocated 87556096, free 50050456, used 37505640, increment 0
Initial loss: 9.212038928611765
Initial test loss: 9.212038928611765
400: time = 4.342000 loss = 8.269516 testLoss 7.591021
Making features
makeFeatures: max memory 477626368, total allocated 86507520, free 46961272, used 39546248, increment 2040608
species_8 ppt9: 
Regularization values: linear/quadratic/product: 0.500, categorical: 0.250, threshold: 1.830, hinge: 0.500
17 samples
Density: max memory 477626368, total allocated 86507520, free 39579680, used 46927840, increment 7381592
linearPredictor: max memory 477626368, total allocated 86507520, free 39499528, used 47007992, increment 80152
FeaturedSpace: max memory 477626368, total allocated 86507520, free 38669112, used 47838408, increment 830416
Sequential: max memory 477626368, total allocated 86507520, free 38669112, used 47838408, increment 0
Initial loss: 9.212038928611765
Initial test loss: 9.212038928611765
Time since start: 190.648
300: time = 2.876000 loss = 8.712998 testLoss 8.268031
Res.gain: 0.499041057756056
Making features
makeFeatures: max memory 477626368, total allocated 93323264, free 27818944, used 65504320, increment 17665912
species_8 tmean9: 
Regularization values: linear/quadratic/product: 0.500, categorical: 0.250, threshold: 1.830, hinge: 0.500
17 samples
Density: max memory 477626368, total allocated 93323264, free 21505360, used 71817904, increment 6313584
linearPredictor: max memory 477626368, total allocated 93323264, free 21425208, used 71898056, increment 80152
FeaturedSpace: max memory 477626368, total allocated 93323264, free 20245816, used 73077448, increment 1179392
Sequential: max memory 477626368, total allocated 93323264, free 20245816, used 73077448, increment 0
Initial loss: 9.212038928611765
Initial test loss: 9.212038928611765
Time since start: 193.387
280: time = 2.708000 loss = 8.505395 testLoss 7.956793
Res.gain: 0.7066442155039674
Making features
makeFeatures: max memory 477626368, total allocated 90177536, free 59516448, used 30661088, increment -42416360
species_8 vpdmin9: 
Regularization values: linear/quadratic/product: 0.500, categorical: 0.250, threshold: 1.830, hinge: 0.500
17 samples
Density: max memory 477626368, total allocated 90177536, free 53513336, used 36664200, increment 6003112
linearPredictor: max memory 477626368, total allocated 90177536, free 53513336, used 36664200, increment 0
FeaturedSpace: max memory 477626368, total allocated 90177536, free 52957416, used 37220120, increment 555920
Sequential: max memory 477626368, total allocated 90177536, free 52957416, used 37220120, increment 0
Initial loss: 9.212038928611765
Initial test loss: 9.212038928611765
420: time = 6.785000 loss = 8.161614 testLoss 7.448638
180: time = 0.802000 loss = 8.780860 testLoss 8.507297
Res.gain: 0.43117875417923734
Time since start: 194.39
getSamples: max memory 477626368, total allocated 82313216, free 55949512, used 26363704, increment -10856416
Making features
makeFeatures: max memory 477626368, total allocated 82313216, free 55308232, used 27004984, increment 641280
species_9: 
Regularization values: linear/quadratic/product: 0.481, categorical: 0.250, threshold: 1.820, hinge: 0.500
18 samples
Density: max memory 477626368, total allocated 82313216, free 51329608, used 30983608, increment 3978624
linearPredictor: max memory 477626368, total allocated 82313216, free 51249448, used 31063768, increment 80160
FeaturedSpace: max memory 477626368, total allocated 82313216, free 51249448, used 31063768, increment 0
Sequential: max memory 477626368, total allocated 82313216, free 51249448, used 31063768, increment 0
Initial loss: 9.212138753917563
Initial test loss: 9.212138753917563
Time since start: 202.672
480: time = 8.220000 loss = 7.970478 testLoss 7.359500
Resulting gain: 1.241660887786069
Projecting...
Writing file C:\Users\aortiz\AppData\Local\Temp\RtmpIP4leB\raster\maxent\6186745784\species_9.csv
species_9 response curves
Response curve: only ppt9
Response curve: only tmean9
Response curve: only vpdmin9
Making features
Making features
makeFeatures: max memory 477626368, total allocated 69730304, free 37670600, used 32059704, increment 995936
species_9 ppt9: 
Regularization values: linear/quadratic/product: 0.481, categorical: 0.250, threshold: 1.820, hinge: 0.500
makeFeatures: max memory 477626368, total allocated 69730304, free 37309784, used 32420520, increment 360816
species_9 tmean9: 
Regularization values: linear/quadratic/product: 0.481, categorical: 0.250, threshold: 1.820, hinge: 0.500
18 samples
Density: max memory 477626368, total allocated 69730304, free 35218248, used 34512056, increment 2091536
linearPredictor: max memory 477626368, total allocated 69730304, free 35138088, used 34592216, increment 80160
FeaturedSpace: max memory 477626368, total allocated 69730304, free 35138088, used 34592216, increment 0
Sequential: max memory 477626368, total allocated 69730304, free 35138088, used 34592216, increment 0
Initial loss: 9.212138753917563
18 samples
Density: max memory 477626368, total allocated 69730304, free 32860544, used 36869760, increment 2277544
linearPredictor: max memory 477626368, total allocated 69730304, free 32512560, used 37217744, increment 347984
FeaturedSpace: max memory 477626368, total allocated 69730304, free 32151648, used 37578656, increment 360912
Sequential: max memory 477626368, total allocated 69730304, free 32151648, used 37578656, increment 0
Initial loss: 9.212138753917563
Time since start: 206.452
280: time = 2.934000 loss = 8.685951
Resulting gain: 0.5261880494864712
species_9 response curves
Making features
makeFeatures: max memory 477626368, total allocated 92798976, free 9653744, used 83145232, increment 45566576
species_9 vpdmin9: 
Regularization values: linear/quadratic/product: 0.481, categorical: 0.250, threshold: 1.820, hinge: 0.500
18 samples
Density: max memory 477626368, total allocated 91226112, free 56562144, used 34663968, increment -48481264
linearPredictor: max memory 477626368, total allocated 91226112, free 56562144, used 34663968, increment 0
FeaturedSpace: max memory 477626368, total allocated 91226112, free 55914944, used 35311168, increment 647200
Sequential: max memory 477626368, total allocated 91226112, free 55914944, used 35311168, increment 0
Initial loss: 9.212138753917563
360: time = 3.701000 loss = 8.469794
Resulting gain: 0.742344354020565
species_9 response curves
Time since start: 207.605
220: time = 0.981000 loss = 8.765866
Resulting gain: 0.4462724544499874
species_9 response curves
Jackknife: leave ppt9 out
Jackknife: leave tmean9 out
Jackknife: leave vpdmin9 out
Jackknife: only ppt9
Jackknife: only tmean9
Jackknife: only vpdmin9
Making features
Making features
makeFeatures: max memory 477626368, total allocated 82313216, free 65377024, used 16936192, increment -18374976
species_9 tmean9: 
makeFeatures: max memory 477626368, total allocated 82313216, free 65377024, used 16936192, increment -18374976
species_9 ppt9: 
Regularization values: linear/quadratic/product: 0.481, categorical: 0.250, threshold: 1.820, hinge: 0.500
Regularization values: linear/quadratic/product: 0.481, categorical: 0.250, threshold: 1.820, hinge: 0.500
18 samples
18 samples
Density: max memory 477626368, total allocated 82313216, free 60438552, used 21874664, increment 4938472
linearPredictor: max memory 477626368, total allocated 82313216, free 59999240, used 22313976, increment 439312
Density: max memory 477626368, total allocated 82313216, free 59919080, used 22394136, increment 80160
linearPredictor: max memory 477626368, total allocated 82313216, free 59838920, used 22474296, increment 80160
FeaturedSpace: max memory 477626368, total allocated 82313216, free 59838920, used 22474296, increment 0
Sequential: max memory 477626368, total allocated 82313216, free 59838920, used 22474296, increment 0
Initial loss: 9.212138753917563
Initial test loss: 9.212138753917563
FeaturedSpace: max memory 477626368, total allocated 82313216, free 59838920, used 22474296, increment 0
Sequential: max memory 477626368, total allocated 82313216, free 59838920, used 22474296, increment 0
Initial loss: 9.212138753917563
Initial test loss: 9.212138753917563
Time since start: 213.093
480: time = 5.218000 loss = 8.228972 testLoss 7.644155
Making features
makeFeatures: max memory 477626368, total allocated 84410368, free 22255176, used 62155192, increment 39680896
species_9 vpdmin9: 
Regularization values: linear/quadratic/product: 0.481, categorical: 0.250, threshold: 1.820, hinge: 0.500
18 samples
Density: max memory 477626368, total allocated 85983232, free 57124376, used 28858856, increment -33296336
linearPredictor: max memory 477626368, total allocated 85983232, free 57044216, used 28939016, increment 80160
FeaturedSpace: max memory 477626368, total allocated 85983232, free 56528616, used 29454616, increment 515600
Sequential: max memory 477626368, total allocated 85983232, free 56528616, used 29454616, increment 0
Initial loss: 9.212138753917563
Initial test loss: 9.212138753917563
500: time = 5.570000 loss = 8.346133 testLoss 7.878853
Making features
makeFeatures: max memory 477626368, total allocated 93323264, free 54268032, used 39055232, increment 9600616
species_9 ppt9: 
Regularization values: linear/quadratic/product: 0.481, categorical: 0.250, threshold: 1.820, hinge: 0.500
18 samples
Density: max memory 477626368, total allocated 93323264, free 48571896, used 44751368, increment 5696136
linearPredictor: max memory 477626368, total allocated 93323264, free 48491736, used 44831528, increment 80160
FeaturedSpace: max memory 477626368, total allocated 93323264, free 48491736, used 44831528, increment 0
Sequential: max memory 477626368, total allocated 93323264, free 48491736, used 44831528, increment 0
Initial loss: 9.212138753917563
Initial test loss: 9.212138753917563
Time since start: 216.309
280: time = 2.831000 loss = 8.685951 testLoss 8.311764
Res.gain: 0.5261880494864712
Making features
makeFeatures: max memory 477626368, total allocated 82837504, free 47394752, used 35442752, increment -9388776
species_9 tmean9: 
Regularization values: linear/quadratic/product: 0.481, categorical: 0.250, threshold: 1.820, hinge: 0.500
18 samples
Density: max memory 477626368, total allocated 82837504, free 40413688, used 42423816, increment 6981064
linearPredictor: max memory 477626368, total allocated 82837504, free 40333528, used 42503976, increment 80160
FeaturedSpace: max memory 477626368, total allocated 82837504, free 40333528, used 42503976, increment 0
Sequential: max memory 477626368, total allocated 82837504, free 40333528, used 42503976, increment 0
Initial loss: 9.212138753917563
Initial test loss: 9.212138753917563
Time since start: 219.918
360: time = 3.578000 loss = 8.469794 testLoss 7.980722
Res.gain: 0.742344354020565
Making features
makeFeatures: max memory 477626368, total allocated 85458944, free 19885536, used 65573408, increment 23069432
species_9 vpdmin9: 
Regularization values: linear/quadratic/product: 0.481, categorical: 0.250, threshold: 1.820, hinge: 0.500
18 samples
Density: max memory 477626368, total allocated 85458944, free 13761712, used 71697232, increment 6123824
linearPredictor: max memory 477626368, total allocated 85458944, free 13761712, used 71697232, increment 0
FeaturedSpace: max memory 477626368, total allocated 85458944, free 13761712, used 71697232, increment 0
Sequential: max memory 477626368, total allocated 85458944, free 13761712, used 71697232, increment 0
Initial loss: 9.212138753917563
Initial test loss: 9.212138753917563
420: time = 7.159000 loss = 8.114781 testLoss 7.539209
220: time = 0.918000 loss = 8.765866 testLoss 8.509617
Res.gain: 0.4462724544499874
Time since start: 221.407
Reading file absence
readGrid: max memory 477626368, total allocated 77594624, free 32604104, used 44990520, increment -26706712
Reading file absence
readGrid: max memory 477626368, total allocated 76546048, free 26556688, used 49989360, increment 4998840
Reading file absence
readGrid: max memory 477626368, total allocated 84410368, free 27856576, used 56553792, increment 6564432
Reading file absence
readGrid: max memory 477626368, total allocated 94896128, free 38578760, used 56317368, increment -236424
Reading file absence
readGrid: max memory 477626368, total allocated 96993280, free 52268896, used 44724384, increment -11592984
Reading file absence
readGrid: max memory 477626368, total allocated 97517568, free 64592832, used 32924736, increment -11799648
Reading file absence
readGrid: max memory 477626368, total allocated 97517568, free 19430240, used 78087328, increment 45162592
Reading file absence
readGrid: max memory 477626368, total allocated 110100480, free 44615016, used 65485464, increment -12601864
Reading file absence
readGrid: max memory 477626368, total allocated 110100480, free 69550008, used 40550472, increment -24934992
Reading file absence
readGrid: max memory 477626368, total allocated 110100480, free 23254880, used 86845600, increment 46295128
Creating average grid, stddev grid etc.
Writing file C:\Users\aortiz\AppData\Local\Temp\RtmpIP4leB\raster\maxent\6186745784\species_avg.csv
Writing file C:\Users\aortiz\AppData\Local\Temp\RtmpIP4leB\raster\maxent\6186745784\species_stddev.csv
Writing file C:\Users\aortiz\AppData\Local\Temp\RtmpIP4leB\raster\maxent\6186745784\species_min.csv
Writing file C:\Users\aortiz\AppData\Local\Temp\RtmpIP4leB\raster\maxent\6186745784\species_max.csv
Writing file C:\Users\aortiz\AppData\Local\Temp\RtmpIP4leB\raster\maxent\6186745784\species_median.csv
species average response curves
Time since start: 223.355
Ending
