Wed Sep 13 12:47:42 CDT 2017
MaxEnt version 3.4.0
Reading file absence
readGrid: max memory 477626368, total allocated 83361792, free 52918840, used 30442952, increment 5451120
Reading samples from presence
Read samples: max memory 477626368, total allocated 82313216, free 37852976, used 44460240, increment 14017288
Adding samples to background in feature space
Command line used:  autorun -e C:\Users\aortiz\AppData\Local\Temp\RtmpegRRtE/raster/maxent/8193885466/absence -o C:\Users\aortiz\AppData\Local\Temp\RtmpegRRtE/raster/maxent/8193885466 -s C:\Users\aortiz\AppData\Local\Temp\RtmpegRRtE/raster/maxent/8193885466/presence -z randomseed=true threads=2 responsecurves=true randomtestpoints=20 replicates=1 replicatetype=crossvalidate maximumiterations=1000 -J
Command line to repeat: java density.MaxEnt nowarnings noprefixes responsecurves jackknife outputdirectory=C:\Users\aortiz\AppData\Local\Temp\RtmpegRRtE/raster/maxent/8193885466 samplesfile=C:\Users\aortiz\AppData\Local\Temp\RtmpegRRtE/raster/maxent/8193885466/presence environmentallayers=C:\Users\aortiz\AppData\Local\Temp\RtmpegRRtE/raster/maxent/8193885466/absence randomseed randomtestpoints=20 autorun novisible maximumiterations=1000 threads=2
Species: species
Layers: ppt11 tmean11 vpdmax11 vpdmin11
Layertypes: Continuous Continuous Continuous Continuous
responsecurves: true
jackknife: true
outputdirectory: C:\Users\aortiz\AppData\Local\Temp\RtmpegRRtE/raster/maxent/8193885466
samplesfile: C:\Users\aortiz\AppData\Local\Temp\RtmpegRRtE/raster/maxent/8193885466/presence
environmentallayers: C:\Users\aortiz\AppData\Local\Temp\RtmpegRRtE/raster/maxent/8193885466/absence
randomseed: true
randomtestpoints: 20
autorun: true
visible: false
maximumiterations: 1000
threads: 2

getSamples: max memory 477626368, total allocated 82313216, free 37281184, used 45032032, increment 571792
Making features
makeFeatures: max memory 477626368, total allocated 82313216, free 36235048, used 46078168, increment 1046136
species: 
Regularization values: linear/quadratic/product: 0.173, categorical: 0.250, threshold: 1.430, hinge: 0.500
57 samples
Density: max memory 477626368, total allocated 82313216, free 30702992, used 51610224, increment 5532056
linearPredictor: max memory 477626368, total allocated 82313216, free 30702992, used 51610224, increment 0
FeaturedSpace: max memory 477626368, total allocated 82313216, free 30702992, used 51610224, increment 0
Sequential: max memory 477626368, total allocated 82313216, free 30702992, used 51610224, increment 0
Initial loss: 9.21602418844448
Initial test loss: 9.21602418844448
Time since start: 10.871
460: time = 10.624000 loss = 8.865421 testLoss 8.526963
Resulting gain: 0.350603614624724
Projecting...
Writing file C:\Users\aortiz\AppData\Local\Temp\RtmpegRRtE\raster\maxent\8193885466\species.csv
species response curves
Response curve: only ppt11
Response curve: only tmean11
Response curve: only vpdmax11
Response curve: only vpdmin11
Making features
Making features
makeFeatures: max memory 477626368, total allocated 70778880, free 17509080, used 53269800, increment 1659576
species ppt11: 
makeFeatures: max memory 477626368, total allocated 70778880, free 17509080, used 53269800, increment 1659576
species tmean11: 
Regularization values: linear/quadratic/product: 0.173, categorical: 0.250, threshold: 1.430, hinge: 0.500
Regularization values: linear/quadratic/product: 0.173, categorical: 0.250, threshold: 1.430, hinge: 0.500
Time since start: 11.876
57 samples
57 samples
Density: max memory 477626368, total allocated 70778880, free 15189496, used 55589384, increment 2319584
linearPredictor: max memory 477626368, total allocated 70778880, free 15109024, used 55669856, increment 80472
Density: max memory 477626368, total allocated 70778880, free 15028552, used 55750328, increment 80472
linearPredictor: max memory 477626368, total allocated 70778880, free 14948080, used 55830800, increment 80472
FeaturedSpace: max memory 477626368, total allocated 70778880, free 14948080, used 55830800, increment 0
Sequential: max memory 477626368, total allocated 70778880, free 14948080, used 55830800, increment 0
Initial loss: 9.21602418844448
FeaturedSpace: max memory 477626368, total allocated 70778880, free 14329312, used 56449568, increment 618768
Sequential: max memory 477626368, total allocated 70778880, free 14329312, used 56449568, increment 0
Initial loss: 9.21602418844448
Time since start: 13.364
140: time = 1.488000 loss = 9.007295
Resulting gain: 0.20872877208955742
species response curves
Making features
makeFeatures: max memory 477626368, total allocated 81264640, free 10189920, used 71074720, increment 14625152
species vpdmax11: 
Regularization values: linear/quadratic/product: 0.173, categorical: 0.250, threshold: 1.430, hinge: 0.500
57 samples
Density: max memory 477626368, total allocated 81264640, free 4061992, used 77202648, increment 6127928
linearPredictor: max memory 477626368, total allocated 81264640, free 3981520, used 77283120, increment 80472
FeaturedSpace: max memory 477626368, total allocated 81264640, free 3981520, used 77283120, increment 0
Sequential: max memory 477626368, total allocated 81264640, free 3981520, used 77283120, increment 0
Initial loss: 9.21602418844448
Time since start: 15.633
340: time = 3.757000 loss = 8.939327
Resulting gain: 0.27669718593802806
species response curves
Making features
makeFeatures: max memory 477626368, total allocated 72876032, free 7836704, used 65039328, increment -12243792
species vpdmin11: 
Regularization values: linear/quadratic/product: 0.173, categorical: 0.250, threshold: 1.430, hinge: 0.500
57 samples
Density: max memory 477626368, total allocated 72876032, free 3085352, used 69790680, increment 4751352
linearPredictor: max memory 477626368, total allocated 72876032, free 3004880, used 69871152, increment 80472
FeaturedSpace: max memory 477626368, total allocated 72876032, free 3004880, used 69871152, increment 0
Sequential: max memory 477626368, total allocated 72876032, free 3004880, used 69871152, increment 0
Initial loss: 9.21602418844448
100: time = 0.548000 loss = 9.199779
Resulting gain: 0.016244858155316066
species response curves
Time since start: 16.658
360: time = 3.145000 loss = 9.137494
Resulting gain: 0.07853016305241134
species response curves
Jackknife: leave ppt11 out
Jackknife: leave tmean11 out
Jackknife: leave vpdmax11 out
Jackknife: leave vpdmin11 out
Jackknife: only ppt11
Jackknife: only tmean11
Jackknife: only vpdmax11
Jackknife: only vpdmin11
Making features
Making features
makeFeatures: max memory 477626368, total allocated 68681728, free 12797472, used 55884256, increment -13986896
species ppt11: 
Regularization values: linear/quadratic/product: 0.173, categorical: 0.250, threshold: 1.430, hinge: 0.500
makeFeatures: max memory 477626368, total allocated 68681728, free 12797472, used 55884256, increment 0
species tmean11: 
Regularization values: linear/quadratic/product: 0.173, categorical: 0.250, threshold: 1.430, hinge: 0.500
57 samples
Density: max memory 477626368, total allocated 68681728, free 5493056, used 63188672, increment 7304416
linearPredictor: max memory 477626368, total allocated 68681728, free 5412584, used 63269144, increment 80472
FeaturedSpace: max memory 477626368, total allocated 68681728, free 5412584, used 63269144, increment 0
Sequential: max memory 477626368, total allocated 68681728, free 5412584, used 63269144, increment 0
Initial loss: 9.21602418844448
Initial test loss: 9.21602418844448
57 samples
Density: max memory 477626368, total allocated 68681728, free 3205624, used 65476104, increment 2206960
linearPredictor: max memory 477626368, total allocated 68681728, free 3205624, used 65476104, increment 0
FeaturedSpace: max memory 477626368, total allocated 68681728, free 2267464, used 66414264, increment 938160
Sequential: max memory 477626368, total allocated 68681728, free 2267464, used 66414264, increment 0
Initial loss: 9.21602418844448
Initial test loss: 9.21602418844448
Time since start: 22.872
320: time = 5.798000 loss = 8.904709 testLoss 8.573289
Making features
makeFeatures: max memory 477626368, total allocated 73400320, free 25705912, used 47694408, increment -18719856
species vpdmax11: 
Regularization values: linear/quadratic/product: 0.173, categorical: 0.250, threshold: 1.430, hinge: 0.500
57 samples
Density: max memory 477626368, total allocated 80216064, free 47458264, used 32757800, increment -14936608
linearPredictor: max memory 477626368, total allocated 80216064, free 47377792, used 32838272, increment 80472
FeaturedSpace: max memory 477626368, total allocated 80216064, free 46546864, used 33669200, increment 830928
Sequential: max memory 477626368, total allocated 80216064, free 46546864, used 33669200, increment 0
Initial loss: 9.21602418844448
Initial test loss: 9.21602418844448
Time since start: 26.443
520: time = 9.384000 loss = 8.955615 testLoss 8.702606
Making features
makeFeatures: max memory 477626368, total allocated 81788928, free 21430720, used 60358208, increment 26689008
species vpdmin11: 
Regularization values: linear/quadratic/product: 0.173, categorical: 0.250, threshold: 1.430, hinge: 0.500
57 samples
Density: max memory 477626368, total allocated 80740352, free 40388440, used 40351912, increment -20006296
linearPredictor: max memory 477626368, total allocated 80740352, free 40388440, used 40351912, increment 0
FeaturedSpace: max memory 477626368, total allocated 80740352, free 39464008, used 41276344, increment 924432
Sequential: max memory 477626368, total allocated 80740352, free 39001792, used 41738560, increment 462216
Initial loss: 9.21602418844448
Initial test loss: 9.21602418844448
Time since start: 30.266
360: time = 7.293000 loss = 8.891923 testLoss 8.752395
Making features
makeFeatures: max memory 477626368, total allocated 125304832, free 58518056, used 66786776, increment 25048216
species ppt11: 
Regularization values: linear/quadratic/product: 0.173, categorical: 0.250, threshold: 1.430, hinge: 0.500
57 samples
Density: max memory 477626368, total allocated 125304832, free 52441096, used 72863736, increment 6076960
linearPredictor: max memory 477626368, total allocated 125304832, free 51574296, used 73730536, increment 866800
FeaturedSpace: max memory 477626368, total allocated 125304832, free 51574296, used 73730536, increment 0
Sequential: max memory 477626368, total allocated 125304832, free 51574296, used 73730536, increment 0
Initial loss: 9.21602418844448
Initial test loss: 9.21602418844448
Time since start: 31.911
140: time = 1.593000 loss = 9.007295 testLoss 8.962664
Res.gain: 0.20872877208955742
Making features
makeFeatures: max memory 477626368, total allocated 101187584, free 38183032, used 63004552, increment -10725984
species tmean11: 
Regularization values: linear/quadratic/product: 0.173, categorical: 0.250, threshold: 1.430, hinge: 0.500
57 samples
Density: max memory 477626368, total allocated 101187584, free 31277832, used 69909752, increment 6905200
linearPredictor: max memory 477626368, total allocated 101187584, free 31197360, used 69990224, increment 80472
FeaturedSpace: max memory 477626368, total allocated 101187584, free 30539536, used 70648048, increment 657824
Sequential: max memory 477626368, total allocated 101187584, free 30539536, used 70648048, increment 0
Initial loss: 9.21602418844448
Initial test loss: 9.21602418844448
Time since start: 36.068
340: time = 4.119000 loss = 8.939327 testLoss 8.773396
Res.gain: 0.27669718593802806
Making features
makeFeatures: max memory 477626368, total allocated 113770496, free 70367184, used 43403312, increment -27244736
species vpdmax11: 
Regularization values: linear/quadratic/product: 0.173, categorical: 0.250, threshold: 1.430, hinge: 0.500
57 samples
Density: max memory 477626368, total allocated 113770496, free 61781928, used 51988568, increment 8585256
linearPredictor: max memory 477626368, total allocated 113770496, free 61781928, used 51988568, increment 0
FeaturedSpace: max memory 477626368, total allocated 113770496, free 61781928, used 51988568, increment 0
Sequential: max memory 477626368, total allocated 113770496, free 61781928, used 51988568, increment 0
Initial loss: 9.21602418844448
Initial test loss: 9.21602418844448
Time since start: 37.512
440: time = 10.950000 loss = 8.877009 testLoss 8.527091
Making features
makeFeatures: max memory 477626368, total allocated 136839168, free 90258712, used 46580456, increment -5408112
species vpdmin11: 
Regularization values: linear/quadratic/product: 0.173, categorical: 0.250, threshold: 1.430, hinge: 0.500
57 samples
Density: max memory 477626368, total allocated 136839168, free 86180816, used 50658352, increment 4077896
linearPredictor: max memory 477626368, total allocated 136839168, free 86180816, used 50658352, increment 0
FeaturedSpace: max memory 477626368, total allocated 136839168, free 85462600, used 51376568, increment 718216
Sequential: max memory 477626368, total allocated 136839168, free 85462600, used 51376568, increment 0
Initial loss: 9.21602418844448
Initial test loss: 9.21602418844448
100: time = 0.527000 loss = 9.199779 testLoss 9.216896
Res.gain: 0.016244858155316066
Time since start: 39.385
360: time = 3.184000 loss = 9.137494 testLoss 8.880212
Res.gain: 0.07853016305241134
Ending
